time="2024-03-24 00:44:34" level=info msg="Hello, World!" func=main.main file="/home/k8s-master/zy-test/scheduler-exp/main.go:10"
time="2024-03-24 00:44:55" level=info msg="Hello, World!" func=main.main file="/home/k8s-master/zy-test/scheduler-exp/main.go:10"
time="2024-03-24 14:51:06" level=debug msg="taskName: task-0-5, gpumem: 5" func=main.createTask file="/home/k8s-master/zy-test/scheduler-exp/main.go:43"
time="2024-03-24 14:51:06" level=info msg="Create task task-0-5with gpu 5" func=scheduler-exp/service.CreateTask file="/home/k8s-master/zy-test/scheduler-exp/service/createTask.go:40"
time="2024-03-24 14:51:06" level=debug msg="ubuntu-01has gpus: 0/80/80/00/0" func=scheduler-exp/service.CheckResource file="/home/k8s-master/zy-test/scheduler-exp/service/resourceMonitor.go:87"
time="2024-03-24 14:51:06" level=debug msg="GPU request is satisfied" func=scheduler-exp/service.CheckResource file="/home/k8s-master/zy-test/scheduler-exp/service/resourceMonitor.go:102"
time="2024-03-24 14:51:06" level=debug msg="Creating deployment ... ... ..." func=scheduler-exp/k8s.CreateDeployment file="/home/k8s-master/zy-test/scheduler-exp/k8s/deployment.go:98"
time="2024-03-24 14:51:06" level=debug msg="Created deployment \"exp-task-0-5\"." func=scheduler-exp/k8s.CreateDeployment file="/home/k8s-master/zy-test/scheduler-exp/k8s/deployment.go:104"
time="2024-03-24 14:51:06" level=info msg="Task task-0-5 created successfully" func=main.createTask file="/home/k8s-master/zy-test/scheduler-exp/main.go:53"
time="2024-03-24 14:51:06" level=debug msg="Get deployment \"exp-task-0-5\"." func=scheduler-exp/k8s.GetDeployment file="/home/k8s-master/zy-test/scheduler-exp/k8s/deployment.go:116"
time="2024-03-24 14:51:06" level=info msg="Task task-0-5 exists" func=main.createTask file="/home/k8s-master/zy-test/scheduler-exp/main.go:61"
time="2024-03-24 14:51:11" level=debug msg="taskName: task-1-6, gpumem: 6" func=main.createTask file="/home/k8s-master/zy-test/scheduler-exp/main.go:43"
time="2024-03-24 14:51:11" level=info msg="Create task task-1-6with gpu 6" func=scheduler-exp/service.CreateTask file="/home/k8s-master/zy-test/scheduler-exp/service/createTask.go:40"
time="2024-03-24 14:51:11" level=debug msg="ubuntu-02has gpus: 0/80/80/00/0" func=scheduler-exp/service.CheckResource file="/home/k8s-master/zy-test/scheduler-exp/service/resourceMonitor.go:87"
time="2024-03-24 14:51:11" level=debug msg="GPU request is satisfied" func=scheduler-exp/service.CheckResource file="/home/k8s-master/zy-test/scheduler-exp/service/resourceMonitor.go:102"
time="2024-03-24 14:51:11" level=debug msg="Creating deployment ... ... ..." func=scheduler-exp/k8s.CreateDeployment file="/home/k8s-master/zy-test/scheduler-exp/k8s/deployment.go:98"
time="2024-03-24 14:51:12" level=debug msg="Created deployment \"exp-task-1-6\"." func=scheduler-exp/k8s.CreateDeployment file="/home/k8s-master/zy-test/scheduler-exp/k8s/deployment.go:104"
time="2024-03-24 14:51:12" level=info msg="Task task-1-6 created successfully" func=main.createTask file="/home/k8s-master/zy-test/scheduler-exp/main.go:53"
time="2024-03-24 14:51:12" level=debug msg="Get deployment \"exp-task-1-6\"." func=scheduler-exp/k8s.GetDeployment file="/home/k8s-master/zy-test/scheduler-exp/k8s/deployment.go:116"
time="2024-03-24 14:51:12" level=info msg="Task task-1-6 exists" func=main.createTask file="/home/k8s-master/zy-test/scheduler-exp/main.go:61"
time="2024-03-24 14:51:17" level=debug msg="taskName: task-2-5, gpumem: 5" func=main.createTask file="/home/k8s-master/zy-test/scheduler-exp/main.go:43"
time="2024-03-24 14:51:17" level=info msg="Create task task-2-5with gpu 5" func=scheduler-exp/service.CreateTask file="/home/k8s-master/zy-test/scheduler-exp/service/createTask.go:40"
time="2024-03-24 14:51:17" level=debug msg="ubuntu-02has gpus: 6/80/80/00/0" func=scheduler-exp/service.CheckResource file="/home/k8s-master/zy-test/scheduler-exp/service/resourceMonitor.go:87"
time="2024-03-24 14:51:17" level=debug msg="GPU request is satisfied" func=scheduler-exp/service.CheckResource file="/home/k8s-master/zy-test/scheduler-exp/service/resourceMonitor.go:102"
time="2024-03-24 14:51:17" level=debug msg="Creating deployment ... ... ..." func=scheduler-exp/k8s.CreateDeployment file="/home/k8s-master/zy-test/scheduler-exp/k8s/deployment.go:98"
time="2024-03-24 14:51:17" level=debug msg="Created deployment \"exp-task-2-5\"." func=scheduler-exp/k8s.CreateDeployment file="/home/k8s-master/zy-test/scheduler-exp/k8s/deployment.go:104"
time="2024-03-24 14:51:17" level=info msg="Task task-2-5 created successfully" func=main.createTask file="/home/k8s-master/zy-test/scheduler-exp/main.go:53"
time="2024-03-24 14:51:17" level=debug msg="Get deployment \"exp-task-2-5\"." func=scheduler-exp/k8s.GetDeployment file="/home/k8s-master/zy-test/scheduler-exp/k8s/deployment.go:116"
time="2024-03-24 14:51:17" level=info msg="Task task-2-5 exists" func=main.createTask file="/home/k8s-master/zy-test/scheduler-exp/main.go:61"
time="2024-03-24 14:51:22" level=debug msg="taskName: task-3-2, gpumem: 2" func=main.createTask file="/home/k8s-master/zy-test/scheduler-exp/main.go:43"
time="2024-03-24 14:51:22" level=info msg="Create task task-3-2with gpu 2" func=scheduler-exp/service.CreateTask file="/home/k8s-master/zy-test/scheduler-exp/service/createTask.go:40"
time="2024-03-24 14:51:22" level=debug msg="ubuntu-01has gpus: 5/80/80/00/0" func=scheduler-exp/service.CheckResource file="/home/k8s-master/zy-test/scheduler-exp/service/resourceMonitor.go:87"
time="2024-03-24 14:51:22" level=debug msg="GPU request is satisfied" func=scheduler-exp/service.CheckResource file="/home/k8s-master/zy-test/scheduler-exp/service/resourceMonitor.go:102"
time="2024-03-24 14:51:22" level=debug msg="Creating deployment ... ... ..." func=scheduler-exp/k8s.CreateDeployment file="/home/k8s-master/zy-test/scheduler-exp/k8s/deployment.go:98"
time="2024-03-24 14:51:22" level=debug msg="Created deployment \"exp-task-3-2\"." func=scheduler-exp/k8s.CreateDeployment file="/home/k8s-master/zy-test/scheduler-exp/k8s/deployment.go:104"
time="2024-03-24 14:51:22" level=info msg="Task task-3-2 created successfully" func=main.createTask file="/home/k8s-master/zy-test/scheduler-exp/main.go:53"
time="2024-03-24 14:51:22" level=debug msg="Get deployment \"exp-task-3-2\"." func=scheduler-exp/k8s.GetDeployment file="/home/k8s-master/zy-test/scheduler-exp/k8s/deployment.go:116"
time="2024-03-24 14:51:22" level=info msg="Task task-3-2 exists" func=main.createTask file="/home/k8s-master/zy-test/scheduler-exp/main.go:61"
time="2024-03-24 14:51:27" level=debug msg="taskName: task-4-4, gpumem: 4" func=main.createTask file="/home/k8s-master/zy-test/scheduler-exp/main.go:43"
time="2024-03-24 14:51:27" level=info msg="Create task task-4-4with gpu 4" func=scheduler-exp/service.CreateTask file="/home/k8s-master/zy-test/scheduler-exp/service/createTask.go:40"
time="2024-03-24 14:51:27" level=debug msg="ubuntu-01has gpus: 5/80/80/00/0" func=scheduler-exp/service.CheckResource file="/home/k8s-master/zy-test/scheduler-exp/service/resourceMonitor.go:87"
time="2024-03-24 14:51:27" level=debug msg="GPU request is satisfied" func=scheduler-exp/service.CheckResource file="/home/k8s-master/zy-test/scheduler-exp/service/resourceMonitor.go:102"
time="2024-03-24 14:51:27" level=debug msg="Creating deployment ... ... ..." func=scheduler-exp/k8s.CreateDeployment file="/home/k8s-master/zy-test/scheduler-exp/k8s/deployment.go:98"
time="2024-03-24 14:51:27" level=debug msg="Created deployment \"exp-task-4-4\"." func=scheduler-exp/k8s.CreateDeployment file="/home/k8s-master/zy-test/scheduler-exp/k8s/deployment.go:104"
time="2024-03-24 14:51:27" level=info msg="Task task-4-4 created successfully" func=main.createTask file="/home/k8s-master/zy-test/scheduler-exp/main.go:53"
time="2024-03-24 14:51:27" level=debug msg="Get deployment \"exp-task-4-4\"." func=scheduler-exp/k8s.GetDeployment file="/home/k8s-master/zy-test/scheduler-exp/k8s/deployment.go:116"
time="2024-03-24 14:51:27" level=info msg="Task task-4-4 exists" func=main.createTask file="/home/k8s-master/zy-test/scheduler-exp/main.go:61"
time="2024-03-24 14:51:32" level=debug msg="taskName: task-5-6, gpumem: 6" func=main.createTask file="/home/k8s-master/zy-test/scheduler-exp/main.go:43"
time="2024-03-24 14:51:32" level=info msg="Create task task-5-6with gpu 6" func=scheduler-exp/service.CreateTask file="/home/k8s-master/zy-test/scheduler-exp/service/createTask.go:40"
time="2024-03-24 14:51:32" level=debug msg="ubuntu-01has gpus: 5/80/80/00/0" func=scheduler-exp/service.CheckResource file="/home/k8s-master/zy-test/scheduler-exp/service/resourceMonitor.go:87"
time="2024-03-24 14:51:32" level=debug msg="GPU request is satisfied" func=scheduler-exp/service.CheckResource file="/home/k8s-master/zy-test/scheduler-exp/service/resourceMonitor.go:102"
time="2024-03-24 14:51:32" level=debug msg="Creating deployment ... ... ..." func=scheduler-exp/k8s.CreateDeployment file="/home/k8s-master/zy-test/scheduler-exp/k8s/deployment.go:98"
time="2024-03-24 14:51:32" level=debug msg="Created deployment \"exp-task-5-6\"." func=scheduler-exp/k8s.CreateDeployment file="/home/k8s-master/zy-test/scheduler-exp/k8s/deployment.go:104"
time="2024-03-24 14:51:32" level=info msg="Task task-5-6 created successfully" func=main.createTask file="/home/k8s-master/zy-test/scheduler-exp/main.go:53"
time="2024-03-24 14:51:32" level=debug msg="Get deployment \"exp-task-5-6\"." func=scheduler-exp/k8s.GetDeployment file="/home/k8s-master/zy-test/scheduler-exp/k8s/deployment.go:116"
time="2024-03-24 14:51:32" level=info msg="Task task-5-6 exists" func=main.createTask file="/home/k8s-master/zy-test/scheduler-exp/main.go:61"
time="2024-03-24 14:51:37" level=debug msg="taskName: task-6-6, gpumem: 6" func=main.createTask file="/home/k8s-master/zy-test/scheduler-exp/main.go:43"
time="2024-03-24 14:51:37" level=info msg="Create task task-6-6with gpu 6" func=scheduler-exp/service.CreateTask file="/home/k8s-master/zy-test/scheduler-exp/service/createTask.go:40"
time="2024-03-24 14:51:37" level=debug msg="ubuntu-01has gpus: 5/86/80/00/0" func=scheduler-exp/service.CheckResource file="/home/k8s-master/zy-test/scheduler-exp/service/resourceMonitor.go:87"
time="2024-03-24 14:51:37" level=debug msg="ubuntu-02has gpus: 6/80/80/00/0" func=scheduler-exp/service.CheckResource file="/home/k8s-master/zy-test/scheduler-exp/service/resourceMonitor.go:87"
time="2024-03-24 14:51:37" level=debug msg="GPU request is satisfied" func=scheduler-exp/service.CheckResource file="/home/k8s-master/zy-test/scheduler-exp/service/resourceMonitor.go:102"
time="2024-03-24 14:51:37" level=debug msg="Creating deployment ... ... ..." func=scheduler-exp/k8s.CreateDeployment file="/home/k8s-master/zy-test/scheduler-exp/k8s/deployment.go:98"
time="2024-03-24 14:51:37" level=debug msg="Created deployment \"exp-task-6-6\"." func=scheduler-exp/k8s.CreateDeployment file="/home/k8s-master/zy-test/scheduler-exp/k8s/deployment.go:104"
time="2024-03-24 14:51:37" level=info msg="Task task-6-6 created successfully" func=main.createTask file="/home/k8s-master/zy-test/scheduler-exp/main.go:53"
time="2024-03-24 14:51:37" level=debug msg="Get deployment \"exp-task-6-6\"." func=scheduler-exp/k8s.GetDeployment file="/home/k8s-master/zy-test/scheduler-exp/k8s/deployment.go:116"
time="2024-03-24 14:51:37" level=info msg="Task task-6-6 exists" func=main.createTask file="/home/k8s-master/zy-test/scheduler-exp/main.go:61"
time="2024-03-24 14:51:42" level=debug msg="taskName: task-7-6, gpumem: 6" func=main.createTask file="/home/k8s-master/zy-test/scheduler-exp/main.go:43"
time="2024-03-24 14:51:42" level=info msg="Create task task-7-6with gpu 6" func=scheduler-exp/service.CreateTask file="/home/k8s-master/zy-test/scheduler-exp/service/createTask.go:40"
time="2024-03-24 14:51:42" level=debug msg="ubuntu-2080tihas gpus: 5/106/100/00/0" func=scheduler-exp/service.CheckResource file="/home/k8s-master/zy-test/scheduler-exp/service/resourceMonitor.go:87"
time="2024-03-24 14:51:42" level=debug msg="ubuntu-01has gpus: 5/86/80/00/0" func=scheduler-exp/service.CheckResource file="/home/k8s-master/zy-test/scheduler-exp/service/resourceMonitor.go:87"
time="2024-03-24 14:51:42" level=debug msg="ubuntu-02has gpus: 6/86/80/00/0" func=scheduler-exp/service.CheckResource file="/home/k8s-master/zy-test/scheduler-exp/service/resourceMonitor.go:87"
time="2024-03-24 14:51:42" level=error msg="Insufficient resources" func=scheduler-exp/service.CreateTask file="/home/k8s-master/zy-test/scheduler-exp/service/createTask.go:42"
time="2024-03-24 14:51:42" level=error msg="Failed to get deployment \"exp-task-7-6\": deployments.apps \"exp-task-7-6\" not found" func=scheduler-exp/k8s.GetDeployment file="/home/k8s-master/zy-test/scheduler-exp/k8s/deployment.go:113"
time="2024-03-24 14:51:47" level=debug msg="taskName: task-8-2, gpumem: 2" func=main.createTask file="/home/k8s-master/zy-test/scheduler-exp/main.go:43"
time="2024-03-24 14:51:47" level=info msg="Create task task-8-2with gpu 2" func=scheduler-exp/service.CreateTask file="/home/k8s-master/zy-test/scheduler-exp/service/createTask.go:40"
time="2024-03-24 14:51:47" level=debug msg="ubuntu-2080tihas gpus: 5/106/100/00/0" func=scheduler-exp/service.CheckResource file="/home/k8s-master/zy-test/scheduler-exp/service/resourceMonitor.go:87"
time="2024-03-24 14:51:47" level=debug msg="GPU request is satisfied" func=scheduler-exp/service.CheckResource file="/home/k8s-master/zy-test/scheduler-exp/service/resourceMonitor.go:102"
time="2024-03-24 14:51:47" level=debug msg="Creating deployment ... ... ..." func=scheduler-exp/k8s.CreateDeployment file="/home/k8s-master/zy-test/scheduler-exp/k8s/deployment.go:98"
time="2024-03-24 14:51:47" level=debug msg="Created deployment \"exp-task-8-2\"." func=scheduler-exp/k8s.CreateDeployment file="/home/k8s-master/zy-test/scheduler-exp/k8s/deployment.go:104"
time="2024-03-24 14:51:47" level=info msg="Task task-8-2 created successfully" func=main.createTask file="/home/k8s-master/zy-test/scheduler-exp/main.go:53"
time="2024-03-24 14:51:47" level=debug msg="Get deployment \"exp-task-8-2\"." func=scheduler-exp/k8s.GetDeployment file="/home/k8s-master/zy-test/scheduler-exp/k8s/deployment.go:116"
time="2024-03-24 14:51:47" level=info msg="Task task-8-2 exists" func=main.createTask file="/home/k8s-master/zy-test/scheduler-exp/main.go:61"
time="2024-03-24 14:51:52" level=debug msg="taskName: task-9-3, gpumem: 3" func=main.createTask file="/home/k8s-master/zy-test/scheduler-exp/main.go:43"
time="2024-03-24 14:51:52" level=info msg="Create task task-9-3with gpu 3" func=scheduler-exp/service.CreateTask file="/home/k8s-master/zy-test/scheduler-exp/service/createTask.go:40"
time="2024-03-24 14:51:52" level=debug msg="ubuntu-01has gpus: 5/86/80/00/0" func=scheduler-exp/service.CheckResource file="/home/k8s-master/zy-test/scheduler-exp/service/resourceMonitor.go:87"
time="2024-03-24 14:51:52" level=debug msg="GPU request is satisfied" func=scheduler-exp/service.CheckResource file="/home/k8s-master/zy-test/scheduler-exp/service/resourceMonitor.go:102"
time="2024-03-24 14:51:52" level=debug msg="Creating deployment ... ... ..." func=scheduler-exp/k8s.CreateDeployment file="/home/k8s-master/zy-test/scheduler-exp/k8s/deployment.go:98"
time="2024-03-24 14:51:52" level=debug msg="Created deployment \"exp-task-9-3\"." func=scheduler-exp/k8s.CreateDeployment file="/home/k8s-master/zy-test/scheduler-exp/k8s/deployment.go:104"
time="2024-03-24 14:51:52" level=info msg="Task task-9-3 created successfully" func=main.createTask file="/home/k8s-master/zy-test/scheduler-exp/main.go:53"
time="2024-03-24 14:51:52" level=debug msg="Get deployment \"exp-task-9-3\"." func=scheduler-exp/k8s.GetDeployment file="/home/k8s-master/zy-test/scheduler-exp/k8s/deployment.go:116"
time="2024-03-24 14:51:52" level=info msg="Task task-9-3 exists" func=main.createTask file="/home/k8s-master/zy-test/scheduler-exp/main.go:61"
time="2024-03-24 15:25:30" level=debug msg="taskName: task-0-6, gpumem: 6" func=main.createTask file="/home/k8s-master/zy-test/scheduler-exp/main.go:41"
time="2024-03-24 15:25:30" level=info msg="Create task task-0-6with gpu 6" func=scheduler-exp/service.CreateTask file="/home/k8s-master/zy-test/scheduler-exp/service/Task.go:40"
time="2024-03-24 15:25:30" level=debug msg="ubuntu-01 has gpus: 0/8 0/8 0/0 0/0" func=scheduler-exp/service.CheckResource file="/home/k8s-master/zy-test/scheduler-exp/service/resourceMonitor.go:87"
time="2024-03-24 15:25:30" level=debug msg="GPU request is satisfied" func=scheduler-exp/service.CheckResource file="/home/k8s-master/zy-test/scheduler-exp/service/resourceMonitor.go:102"
time="2024-03-24 15:25:30" level=debug msg="Creating deployment ... ... ..." func=scheduler-exp/k8s.CreateDeployment file="/home/k8s-master/zy-test/scheduler-exp/k8s/deployment.go:98"
time="2024-03-24 15:25:30" level=debug msg="Created deployment \"exp-task-0-6\"." func=scheduler-exp/k8s.CreateDeployment file="/home/k8s-master/zy-test/scheduler-exp/k8s/deployment.go:104"
time="2024-03-24 15:25:30" level=info msg="Task task-0-6 created successfully" func=main.createTask file="/home/k8s-master/zy-test/scheduler-exp/main.go:50"
time="2024-03-24 15:25:30" level=debug msg="Get deployment \"exp-task-0-6\"." func=scheduler-exp/k8s.GetDeployment file="/home/k8s-master/zy-test/scheduler-exp/k8s/deployment.go:116"
time="2024-03-24 15:25:30" level=info msg="Task task-0-6 exists" func=main.createTask file="/home/k8s-master/zy-test/scheduler-exp/main.go:60"
time="2024-03-24 15:25:35" level=debug msg="taskName: task-1-6, gpumem: 6" func=main.createTask file="/home/k8s-master/zy-test/scheduler-exp/main.go:41"
time="2024-03-24 15:25:35" level=info msg="Create task task-1-6with gpu 6" func=scheduler-exp/service.CreateTask file="/home/k8s-master/zy-test/scheduler-exp/service/Task.go:40"
time="2024-03-24 15:25:35" level=debug msg="ubuntu-01 has gpus: 0/8 0/8 0/0 0/0" func=scheduler-exp/service.CheckResource file="/home/k8s-master/zy-test/scheduler-exp/service/resourceMonitor.go:87"
time="2024-03-24 15:25:35" level=debug msg="GPU request is satisfied" func=scheduler-exp/service.CheckResource file="/home/k8s-master/zy-test/scheduler-exp/service/resourceMonitor.go:102"
time="2024-03-24 15:25:35" level=debug msg="Creating deployment ... ... ..." func=scheduler-exp/k8s.CreateDeployment file="/home/k8s-master/zy-test/scheduler-exp/k8s/deployment.go:98"
time="2024-03-24 15:25:35" level=debug msg="Created deployment \"exp-task-1-6\"." func=scheduler-exp/k8s.CreateDeployment file="/home/k8s-master/zy-test/scheduler-exp/k8s/deployment.go:104"
time="2024-03-24 15:25:35" level=info msg="Task task-1-6 created successfully" func=main.createTask file="/home/k8s-master/zy-test/scheduler-exp/main.go:50"
time="2024-03-24 15:25:35" level=debug msg="Get deployment \"exp-task-1-6\"." func=scheduler-exp/k8s.GetDeployment file="/home/k8s-master/zy-test/scheduler-exp/k8s/deployment.go:116"
time="2024-03-24 15:25:35" level=info msg="Task task-1-6 exists" func=main.createTask file="/home/k8s-master/zy-test/scheduler-exp/main.go:60"
time="2024-03-24 15:25:40" level=debug msg="taskName: task-2-1, gpumem: 1" func=main.createTask file="/home/k8s-master/zy-test/scheduler-exp/main.go:41"
time="2024-03-24 15:25:40" level=info msg="Create task task-2-1with gpu 1" func=scheduler-exp/service.CreateTask file="/home/k8s-master/zy-test/scheduler-exp/service/Task.go:40"
time="2024-03-24 15:25:40" level=debug msg="ubuntu-01 has gpus: 0/8 0/8 0/0 0/0" func=scheduler-exp/service.CheckResource file="/home/k8s-master/zy-test/scheduler-exp/service/resourceMonitor.go:87"
time="2024-03-24 15:25:40" level=debug msg="GPU request is satisfied" func=scheduler-exp/service.CheckResource file="/home/k8s-master/zy-test/scheduler-exp/service/resourceMonitor.go:102"
time="2024-03-24 15:25:40" level=debug msg="Creating deployment ... ... ..." func=scheduler-exp/k8s.CreateDeployment file="/home/k8s-master/zy-test/scheduler-exp/k8s/deployment.go:98"
time="2024-03-24 15:25:40" level=debug msg="Created deployment \"exp-task-2-1\"." func=scheduler-exp/k8s.CreateDeployment file="/home/k8s-master/zy-test/scheduler-exp/k8s/deployment.go:104"
time="2024-03-24 15:25:40" level=info msg="Task task-2-1 created successfully" func=main.createTask file="/home/k8s-master/zy-test/scheduler-exp/main.go:50"
time="2024-03-24 15:25:40" level=debug msg="Get deployment \"exp-task-2-1\"." func=scheduler-exp/k8s.GetDeployment file="/home/k8s-master/zy-test/scheduler-exp/k8s/deployment.go:116"
time="2024-03-24 15:25:40" level=info msg="Task task-2-1 exists" func=main.createTask file="/home/k8s-master/zy-test/scheduler-exp/main.go:60"
time="2024-03-24 15:25:45" level=debug msg="taskName: task-3-1, gpumem: 1" func=main.createTask file="/home/k8s-master/zy-test/scheduler-exp/main.go:41"
time="2024-03-24 15:25:45" level=info msg="Create task task-3-1with gpu 1" func=scheduler-exp/service.CreateTask file="/home/k8s-master/zy-test/scheduler-exp/service/Task.go:40"
time="2024-03-24 15:25:45" level=debug msg="ubuntu-01 has gpus: 1/8 0/8 0/0 0/0" func=scheduler-exp/service.CheckResource file="/home/k8s-master/zy-test/scheduler-exp/service/resourceMonitor.go:87"
time="2024-03-24 15:25:45" level=debug msg="GPU request is satisfied" func=scheduler-exp/service.CheckResource file="/home/k8s-master/zy-test/scheduler-exp/service/resourceMonitor.go:102"
time="2024-03-24 15:25:45" level=debug msg="Creating deployment ... ... ..." func=scheduler-exp/k8s.CreateDeployment file="/home/k8s-master/zy-test/scheduler-exp/k8s/deployment.go:98"
time="2024-03-24 15:25:45" level=debug msg="Created deployment \"exp-task-3-1\"." func=scheduler-exp/k8s.CreateDeployment file="/home/k8s-master/zy-test/scheduler-exp/k8s/deployment.go:104"
time="2024-03-24 15:25:45" level=info msg="Task task-3-1 created successfully" func=main.createTask file="/home/k8s-master/zy-test/scheduler-exp/main.go:50"
time="2024-03-24 15:25:45" level=debug msg="Get deployment \"exp-task-3-1\"." func=scheduler-exp/k8s.GetDeployment file="/home/k8s-master/zy-test/scheduler-exp/k8s/deployment.go:116"
time="2024-03-24 15:25:45" level=info msg="Task task-3-1 exists" func=main.createTask file="/home/k8s-master/zy-test/scheduler-exp/main.go:60"
time="2024-03-24 15:25:50" level=debug msg="taskName: task-4-5, gpumem: 5" func=main.createTask file="/home/k8s-master/zy-test/scheduler-exp/main.go:41"
time="2024-03-24 15:25:50" level=info msg="Create task task-4-5with gpu 5" func=scheduler-exp/service.CreateTask file="/home/k8s-master/zy-test/scheduler-exp/service/Task.go:40"
time="2024-03-24 15:25:50" level=debug msg="ubuntu-01 has gpus: 1/8 1/8 0/0 0/0" func=scheduler-exp/service.CheckResource file="/home/k8s-master/zy-test/scheduler-exp/service/resourceMonitor.go:87"
time="2024-03-24 15:25:50" level=debug msg="GPU request is satisfied" func=scheduler-exp/service.CheckResource file="/home/k8s-master/zy-test/scheduler-exp/service/resourceMonitor.go:102"
time="2024-03-24 15:25:50" level=debug msg="Creating deployment ... ... ..." func=scheduler-exp/k8s.CreateDeployment file="/home/k8s-master/zy-test/scheduler-exp/k8s/deployment.go:98"
time="2024-03-24 15:25:50" level=debug msg="Created deployment \"exp-task-4-5\"." func=scheduler-exp/k8s.CreateDeployment file="/home/k8s-master/zy-test/scheduler-exp/k8s/deployment.go:104"
time="2024-03-24 15:25:50" level=info msg="Task task-4-5 created successfully" func=main.createTask file="/home/k8s-master/zy-test/scheduler-exp/main.go:50"
time="2024-03-24 15:25:50" level=debug msg="Get deployment \"exp-task-4-5\"." func=scheduler-exp/k8s.GetDeployment file="/home/k8s-master/zy-test/scheduler-exp/k8s/deployment.go:116"
time="2024-03-24 15:25:50" level=info msg="Task task-4-5 exists" func=main.createTask file="/home/k8s-master/zy-test/scheduler-exp/main.go:60"
time="2024-03-24 15:25:55" level=debug msg="taskName: task-5-3, gpumem: 3" func=main.createTask file="/home/k8s-master/zy-test/scheduler-exp/main.go:41"
time="2024-03-24 15:25:55" level=info msg="Create task task-5-3with gpu 3" func=scheduler-exp/service.CreateTask file="/home/k8s-master/zy-test/scheduler-exp/service/Task.go:40"
time="2024-03-24 15:25:55" level=debug msg="ubuntu-01 has gpus: 1/8 1/8 0/0 0/0" func=scheduler-exp/service.CheckResource file="/home/k8s-master/zy-test/scheduler-exp/service/resourceMonitor.go:87"
time="2024-03-24 15:25:55" level=debug msg="GPU request is satisfied" func=scheduler-exp/service.CheckResource file="/home/k8s-master/zy-test/scheduler-exp/service/resourceMonitor.go:102"
time="2024-03-24 15:25:55" level=debug msg="Creating deployment ... ... ..." func=scheduler-exp/k8s.CreateDeployment file="/home/k8s-master/zy-test/scheduler-exp/k8s/deployment.go:98"
time="2024-03-24 15:25:55" level=debug msg="Created deployment \"exp-task-5-3\"." func=scheduler-exp/k8s.CreateDeployment file="/home/k8s-master/zy-test/scheduler-exp/k8s/deployment.go:104"
time="2024-03-24 15:25:55" level=info msg="Task task-5-3 created successfully" func=main.createTask file="/home/k8s-master/zy-test/scheduler-exp/main.go:50"
time="2024-03-24 15:25:55" level=debug msg="Get deployment \"exp-task-5-3\"." func=scheduler-exp/k8s.GetDeployment file="/home/k8s-master/zy-test/scheduler-exp/k8s/deployment.go:116"
time="2024-03-24 15:25:55" level=info msg="Task task-5-3 exists" func=main.createTask file="/home/k8s-master/zy-test/scheduler-exp/main.go:60"
time="2024-03-24 15:26:00" level=debug msg="taskName: task-6-1, gpumem: 1" func=main.createTask file="/home/k8s-master/zy-test/scheduler-exp/main.go:41"
time="2024-03-24 15:26:00" level=info msg="Create task task-6-1with gpu 1" func=scheduler-exp/service.CreateTask file="/home/k8s-master/zy-test/scheduler-exp/service/Task.go:40"
time="2024-03-24 15:26:01" level=debug msg="ubuntu-01 has gpus: 4/8 1/8 0/0 0/0" func=scheduler-exp/service.CheckResource file="/home/k8s-master/zy-test/scheduler-exp/service/resourceMonitor.go:87"
time="2024-03-24 15:26:01" level=debug msg="GPU request is satisfied" func=scheduler-exp/service.CheckResource file="/home/k8s-master/zy-test/scheduler-exp/service/resourceMonitor.go:102"
time="2024-03-24 15:26:01" level=debug msg="Creating deployment ... ... ..." func=scheduler-exp/k8s.CreateDeployment file="/home/k8s-master/zy-test/scheduler-exp/k8s/deployment.go:98"
time="2024-03-24 15:26:01" level=debug msg="Created deployment \"exp-task-6-1\"." func=scheduler-exp/k8s.CreateDeployment file="/home/k8s-master/zy-test/scheduler-exp/k8s/deployment.go:104"
time="2024-03-24 15:26:01" level=info msg="Task task-6-1 created successfully" func=main.createTask file="/home/k8s-master/zy-test/scheduler-exp/main.go:50"
time="2024-03-24 15:26:01" level=debug msg="Get deployment \"exp-task-6-1\"." func=scheduler-exp/k8s.GetDeployment file="/home/k8s-master/zy-test/scheduler-exp/k8s/deployment.go:116"
time="2024-03-24 15:26:01" level=info msg="Task task-6-1 exists" func=main.createTask file="/home/k8s-master/zy-test/scheduler-exp/main.go:60"
time="2024-03-24 15:26:06" level=debug msg="taskName: task-7-6, gpumem: 6" func=main.createTask file="/home/k8s-master/zy-test/scheduler-exp/main.go:41"
time="2024-03-24 15:26:06" level=info msg="Create task task-7-6with gpu 6" func=scheduler-exp/service.CreateTask file="/home/k8s-master/zy-test/scheduler-exp/service/Task.go:40"
time="2024-03-24 15:26:06" level=debug msg="ubuntu-01 has gpus: 4/8 2/8 0/0 0/0" func=scheduler-exp/service.CheckResource file="/home/k8s-master/zy-test/scheduler-exp/service/resourceMonitor.go:87"
time="2024-03-24 15:26:06" level=debug msg="GPU request is satisfied" func=scheduler-exp/service.CheckResource file="/home/k8s-master/zy-test/scheduler-exp/service/resourceMonitor.go:102"
time="2024-03-24 15:26:06" level=debug msg="Creating deployment ... ... ..." func=scheduler-exp/k8s.CreateDeployment file="/home/k8s-master/zy-test/scheduler-exp/k8s/deployment.go:98"
time="2024-03-24 15:26:06" level=debug msg="Created deployment \"exp-task-7-6\"." func=scheduler-exp/k8s.CreateDeployment file="/home/k8s-master/zy-test/scheduler-exp/k8s/deployment.go:104"
time="2024-03-24 15:26:06" level=info msg="Task task-7-6 created successfully" func=main.createTask file="/home/k8s-master/zy-test/scheduler-exp/main.go:50"
time="2024-03-24 15:26:06" level=debug msg="Get deployment \"exp-task-7-6\"." func=scheduler-exp/k8s.GetDeployment file="/home/k8s-master/zy-test/scheduler-exp/k8s/deployment.go:116"
time="2024-03-24 15:26:06" level=info msg="Task task-7-6 exists" func=main.createTask file="/home/k8s-master/zy-test/scheduler-exp/main.go:60"
time="2024-03-24 15:26:11" level=debug msg="taskName: task-8-1, gpumem: 1" func=main.createTask file="/home/k8s-master/zy-test/scheduler-exp/main.go:41"
time="2024-03-24 15:26:11" level=info msg="Create task task-8-1with gpu 1" func=scheduler-exp/service.CreateTask file="/home/k8s-master/zy-test/scheduler-exp/service/Task.go:40"
time="2024-03-24 15:26:11" level=debug msg="ubuntu-01 has gpus: 4/8 2/8 0/0 0/0" func=scheduler-exp/service.CheckResource file="/home/k8s-master/zy-test/scheduler-exp/service/resourceMonitor.go:87"
time="2024-03-24 15:26:11" level=debug msg="GPU request is satisfied" func=scheduler-exp/service.CheckResource file="/home/k8s-master/zy-test/scheduler-exp/service/resourceMonitor.go:102"
time="2024-03-24 15:26:11" level=debug msg="Creating deployment ... ... ..." func=scheduler-exp/k8s.CreateDeployment file="/home/k8s-master/zy-test/scheduler-exp/k8s/deployment.go:98"
time="2024-03-24 15:26:11" level=debug msg="Created deployment \"exp-task-8-1\"." func=scheduler-exp/k8s.CreateDeployment file="/home/k8s-master/zy-test/scheduler-exp/k8s/deployment.go:104"
time="2024-03-24 15:26:11" level=info msg="Task task-8-1 created successfully" func=main.createTask file="/home/k8s-master/zy-test/scheduler-exp/main.go:50"
time="2024-03-24 15:26:11" level=debug msg="Get deployment \"exp-task-8-1\"." func=scheduler-exp/k8s.GetDeployment file="/home/k8s-master/zy-test/scheduler-exp/k8s/deployment.go:116"
time="2024-03-24 15:26:11" level=info msg="Task task-8-1 exists" func=main.createTask file="/home/k8s-master/zy-test/scheduler-exp/main.go:60"
time="2024-03-24 15:26:16" level=debug msg="taskName: task-9-3, gpumem: 3" func=main.createTask file="/home/k8s-master/zy-test/scheduler-exp/main.go:41"
time="2024-03-24 15:26:16" level=info msg="Create task task-9-3with gpu 3" func=scheduler-exp/service.CreateTask file="/home/k8s-master/zy-test/scheduler-exp/service/Task.go:40"
time="2024-03-24 15:26:16" level=debug msg="ubuntu-01 has gpus: 4/8 3/8 0/0 0/0" func=scheduler-exp/service.CheckResource file="/home/k8s-master/zy-test/scheduler-exp/service/resourceMonitor.go:87"
time="2024-03-24 15:26:16" level=debug msg="GPU request is satisfied" func=scheduler-exp/service.CheckResource file="/home/k8s-master/zy-test/scheduler-exp/service/resourceMonitor.go:102"
time="2024-03-24 15:26:16" level=debug msg="Creating deployment ... ... ..." func=scheduler-exp/k8s.CreateDeployment file="/home/k8s-master/zy-test/scheduler-exp/k8s/deployment.go:98"
time="2024-03-24 15:26:16" level=debug msg="Created deployment \"exp-task-9-3\"." func=scheduler-exp/k8s.CreateDeployment file="/home/k8s-master/zy-test/scheduler-exp/k8s/deployment.go:104"
time="2024-03-24 15:26:16" level=info msg="Task task-9-3 created successfully" func=main.createTask file="/home/k8s-master/zy-test/scheduler-exp/main.go:50"
time="2024-03-24 15:26:16" level=debug msg="Get deployment \"exp-task-9-3\"." func=scheduler-exp/k8s.GetDeployment file="/home/k8s-master/zy-test/scheduler-exp/k8s/deployment.go:116"
time="2024-03-24 15:26:16" level=info msg="Task task-9-3 exists" func=main.createTask file="/home/k8s-master/zy-test/scheduler-exp/main.go:60"
time="2024-03-24 15:26:19" level=debug msg="Deleted deployment \"exp-task-0-6\"." func=scheduler-exp/k8s.DeleteDeployment file="/home/k8s-master/zy-test/scheduler-exp/k8s/deployment.go:129"
time="2024-03-24 15:26:19" level=error msg="Failed to get deployment \"exp-task-0-6\": deployments.apps \"exp-task-0-6\" not found" func=scheduler-exp/k8s.GetDeployment file="/home/k8s-master/zy-test/scheduler-exp/k8s/deployment.go:113"
time="2024-03-24 15:26:22" level=debug msg="Deleted deployment \"exp-task-1-6\"." func=scheduler-exp/k8s.DeleteDeployment file="/home/k8s-master/zy-test/scheduler-exp/k8s/deployment.go:129"
time="2024-03-24 15:26:22" level=error msg="Failed to get deployment \"exp-task-1-6\": deployments.apps \"exp-task-1-6\" not found" func=scheduler-exp/k8s.GetDeployment file="/home/k8s-master/zy-test/scheduler-exp/k8s/deployment.go:113"
time="2024-03-24 15:26:25" level=debug msg="Deleted deployment \"exp-task-2-1\"." func=scheduler-exp/k8s.DeleteDeployment file="/home/k8s-master/zy-test/scheduler-exp/k8s/deployment.go:129"
time="2024-03-24 15:26:25" level=error msg="Failed to get deployment \"exp-task-2-1\": deployments.apps \"exp-task-2-1\" not found" func=scheduler-exp/k8s.GetDeployment file="/home/k8s-master/zy-test/scheduler-exp/k8s/deployment.go:113"
time="2024-03-24 15:26:28" level=debug msg="Deleted deployment \"exp-task-3-1\"." func=scheduler-exp/k8s.DeleteDeployment file="/home/k8s-master/zy-test/scheduler-exp/k8s/deployment.go:129"
time="2024-03-24 15:26:28" level=error msg="Failed to get deployment \"exp-task-3-1\": deployments.apps \"exp-task-3-1\" not found" func=scheduler-exp/k8s.GetDeployment file="/home/k8s-master/zy-test/scheduler-exp/k8s/deployment.go:113"
time="2024-03-24 15:26:31" level=debug msg="Deleted deployment \"exp-task-4-5\"." func=scheduler-exp/k8s.DeleteDeployment file="/home/k8s-master/zy-test/scheduler-exp/k8s/deployment.go:129"
time="2024-03-24 15:26:31" level=error msg="Failed to get deployment \"exp-task-4-5\": deployments.apps \"exp-task-4-5\" not found" func=scheduler-exp/k8s.GetDeployment file="/home/k8s-master/zy-test/scheduler-exp/k8s/deployment.go:113"
time="2024-03-24 15:26:34" level=debug msg="Deleted deployment \"exp-task-5-3\"." func=scheduler-exp/k8s.DeleteDeployment file="/home/k8s-master/zy-test/scheduler-exp/k8s/deployment.go:129"
time="2024-03-24 15:26:34" level=error msg="Failed to get deployment \"exp-task-5-3\": deployments.apps \"exp-task-5-3\" not found" func=scheduler-exp/k8s.GetDeployment file="/home/k8s-master/zy-test/scheduler-exp/k8s/deployment.go:113"
time="2024-03-24 15:26:37" level=debug msg="Deleted deployment \"exp-task-6-1\"." func=scheduler-exp/k8s.DeleteDeployment file="/home/k8s-master/zy-test/scheduler-exp/k8s/deployment.go:129"
time="2024-03-24 15:26:37" level=error msg="Failed to get deployment \"exp-task-6-1\": deployments.apps \"exp-task-6-1\" not found" func=scheduler-exp/k8s.GetDeployment file="/home/k8s-master/zy-test/scheduler-exp/k8s/deployment.go:113"
time="2024-03-24 15:26:40" level=debug msg="Deleted deployment \"exp-task-7-6\"." func=scheduler-exp/k8s.DeleteDeployment file="/home/k8s-master/zy-test/scheduler-exp/k8s/deployment.go:129"
time="2024-03-24 15:26:40" level=error msg="Failed to get deployment \"exp-task-7-6\": deployments.apps \"exp-task-7-6\" not found" func=scheduler-exp/k8s.GetDeployment file="/home/k8s-master/zy-test/scheduler-exp/k8s/deployment.go:113"
time="2024-03-24 15:26:43" level=debug msg="Deleted deployment \"exp-task-8-1\"." func=scheduler-exp/k8s.DeleteDeployment file="/home/k8s-master/zy-test/scheduler-exp/k8s/deployment.go:129"
time="2024-03-24 15:26:43" level=error msg="Failed to get deployment \"exp-task-8-1\": deployments.apps \"exp-task-8-1\" not found" func=scheduler-exp/k8s.GetDeployment file="/home/k8s-master/zy-test/scheduler-exp/k8s/deployment.go:113"
time="2024-03-24 15:26:46" level=debug msg="Deleted deployment \"exp-task-9-3\"." func=scheduler-exp/k8s.DeleteDeployment file="/home/k8s-master/zy-test/scheduler-exp/k8s/deployment.go:129"
time="2024-03-24 15:26:46" level=error msg="Failed to get deployment \"exp-task-9-3\": deployments.apps \"exp-task-9-3\" not found" func=scheduler-exp/k8s.GetDeployment file="/home/k8s-master/zy-test/scheduler-exp/k8s/deployment.go:113"
time="2024-03-24 15:35:06" level=debug msg="taskName: task-0-2, gpumem: 2" func=main.createTask file="/home/k8s-master/zy-test/scheduler-exp/main.go:41"
time="2024-03-24 15:35:06" level=info msg="Create task task-0-2with gpu 2" func=scheduler-exp/service.CreateTask file="/home/k8s-master/zy-test/scheduler-exp/service/Task.go:40"
time="2024-03-24 15:35:06" level=debug msg="ubuntu-01 has gpus: 0/8 0/8 0/0 0/0" func=scheduler-exp/service.CheckResource file="/home/k8s-master/zy-test/scheduler-exp/service/resourceMonitor.go:87"
time="2024-03-24 15:35:06" level=debug msg="GPU request is satisfied" func=scheduler-exp/service.CheckResource file="/home/k8s-master/zy-test/scheduler-exp/service/resourceMonitor.go:102"
time="2024-03-24 15:35:06" level=debug msg="Creating deployment ... ... ..." func=scheduler-exp/k8s.CreateDeployment file="/home/k8s-master/zy-test/scheduler-exp/k8s/deployment.go:98"
time="2024-03-24 15:35:06" level=debug msg="Created deployment \"exp-task-0-2\"." func=scheduler-exp/k8s.CreateDeployment file="/home/k8s-master/zy-test/scheduler-exp/k8s/deployment.go:104"
time="2024-03-24 15:35:06" level=info msg="Task task-0-2 created successfully" func=main.createTask file="/home/k8s-master/zy-test/scheduler-exp/main.go:50"
time="2024-03-24 15:35:06" level=debug msg="Get deployment \"exp-task-0-2\"." func=scheduler-exp/k8s.GetDeployment file="/home/k8s-master/zy-test/scheduler-exp/k8s/deployment.go:116"
time="2024-03-24 15:35:06" level=info msg="Task task-0-2 exists" func=main.createTask file="/home/k8s-master/zy-test/scheduler-exp/main.go:60"
time="2024-03-24 15:35:11" level=debug msg="taskName: task-1-2, gpumem: 2" func=main.createTask file="/home/k8s-master/zy-test/scheduler-exp/main.go:41"
time="2024-03-24 15:35:11" level=info msg="Create task task-1-2with gpu 2" func=scheduler-exp/service.CreateTask file="/home/k8s-master/zy-test/scheduler-exp/service/Task.go:40"
time="2024-03-24 15:35:11" level=debug msg="ubuntu-01 has gpus: 0/8 0/8 0/0 0/0" func=scheduler-exp/service.CheckResource file="/home/k8s-master/zy-test/scheduler-exp/service/resourceMonitor.go:87"
time="2024-03-24 15:35:11" level=debug msg="GPU request is satisfied" func=scheduler-exp/service.CheckResource file="/home/k8s-master/zy-test/scheduler-exp/service/resourceMonitor.go:102"
time="2024-03-24 15:35:11" level=debug msg="Creating deployment ... ... ..." func=scheduler-exp/k8s.CreateDeployment file="/home/k8s-master/zy-test/scheduler-exp/k8s/deployment.go:98"
time="2024-03-24 15:35:11" level=debug msg="Created deployment \"exp-task-1-2\"." func=scheduler-exp/k8s.CreateDeployment file="/home/k8s-master/zy-test/scheduler-exp/k8s/deployment.go:104"
time="2024-03-24 15:35:11" level=info msg="Task task-1-2 created successfully" func=main.createTask file="/home/k8s-master/zy-test/scheduler-exp/main.go:50"
time="2024-03-24 15:35:11" level=debug msg="Get deployment \"exp-task-1-2\"." func=scheduler-exp/k8s.GetDeployment file="/home/k8s-master/zy-test/scheduler-exp/k8s/deployment.go:116"
time="2024-03-24 15:35:11" level=info msg="Task task-1-2 exists" func=main.createTask file="/home/k8s-master/zy-test/scheduler-exp/main.go:60"
time="2024-03-24 15:35:16" level=debug msg="taskName: task-2-5, gpumem: 5" func=main.createTask file="/home/k8s-master/zy-test/scheduler-exp/main.go:41"
time="2024-03-24 15:35:16" level=info msg="Create task task-2-5with gpu 5" func=scheduler-exp/service.CreateTask file="/home/k8s-master/zy-test/scheduler-exp/service/Task.go:40"
time="2024-03-24 15:35:16" level=debug msg="ubuntu-02 has gpus: 0/8 0/8 0/0 0/0" func=scheduler-exp/service.CheckResource file="/home/k8s-master/zy-test/scheduler-exp/service/resourceMonitor.go:87"
time="2024-03-24 15:35:16" level=debug msg="GPU request is satisfied" func=scheduler-exp/service.CheckResource file="/home/k8s-master/zy-test/scheduler-exp/service/resourceMonitor.go:102"
time="2024-03-24 15:35:16" level=debug msg="Creating deployment ... ... ..." func=scheduler-exp/k8s.CreateDeployment file="/home/k8s-master/zy-test/scheduler-exp/k8s/deployment.go:98"
time="2024-03-24 15:35:16" level=debug msg="Created deployment \"exp-task-2-5\"." func=scheduler-exp/k8s.CreateDeployment file="/home/k8s-master/zy-test/scheduler-exp/k8s/deployment.go:104"
time="2024-03-24 15:35:16" level=info msg="Task task-2-5 created successfully" func=main.createTask file="/home/k8s-master/zy-test/scheduler-exp/main.go:50"
time="2024-03-24 15:35:16" level=debug msg="Get deployment \"exp-task-2-5\"." func=scheduler-exp/k8s.GetDeployment file="/home/k8s-master/zy-test/scheduler-exp/k8s/deployment.go:116"
time="2024-03-24 15:35:16" level=info msg="Task task-2-5 exists" func=main.createTask file="/home/k8s-master/zy-test/scheduler-exp/main.go:60"
time="2024-03-24 15:35:21" level=debug msg="taskName: task-3-3, gpumem: 3" func=main.createTask file="/home/k8s-master/zy-test/scheduler-exp/main.go:41"
time="2024-03-24 15:35:21" level=info msg="Create task task-3-3with gpu 3" func=scheduler-exp/service.CreateTask file="/home/k8s-master/zy-test/scheduler-exp/service/Task.go:40"
time="2024-03-24 15:35:21" level=debug msg="ubuntu-2080ti has gpus: 7/10 2/10 0/0 0/0" func=scheduler-exp/service.CheckResource file="/home/k8s-master/zy-test/scheduler-exp/service/resourceMonitor.go:87"
time="2024-03-24 15:35:21" level=debug msg="GPU request is satisfied" func=scheduler-exp/service.CheckResource file="/home/k8s-master/zy-test/scheduler-exp/service/resourceMonitor.go:102"
time="2024-03-24 15:35:21" level=debug msg="Creating deployment ... ... ..." func=scheduler-exp/k8s.CreateDeployment file="/home/k8s-master/zy-test/scheduler-exp/k8s/deployment.go:98"
time="2024-03-24 15:35:22" level=debug msg="Created deployment \"exp-task-3-3\"." func=scheduler-exp/k8s.CreateDeployment file="/home/k8s-master/zy-test/scheduler-exp/k8s/deployment.go:104"
time="2024-03-24 15:35:22" level=info msg="Task task-3-3 created successfully" func=main.createTask file="/home/k8s-master/zy-test/scheduler-exp/main.go:50"
time="2024-03-24 15:35:22" level=debug msg="Get deployment \"exp-task-3-3\"." func=scheduler-exp/k8s.GetDeployment file="/home/k8s-master/zy-test/scheduler-exp/k8s/deployment.go:116"
time="2024-03-24 15:35:22" level=info msg="Task task-3-3 exists" func=main.createTask file="/home/k8s-master/zy-test/scheduler-exp/main.go:60"
time="2024-03-24 15:35:27" level=debug msg="taskName: task-4-6, gpumem: 6" func=main.createTask file="/home/k8s-master/zy-test/scheduler-exp/main.go:41"
time="2024-03-24 15:35:27" level=info msg="Create task task-4-6with gpu 6" func=scheduler-exp/service.CreateTask file="/home/k8s-master/zy-test/scheduler-exp/service/Task.go:40"
time="2024-03-24 15:35:27" level=debug msg="ubuntu-2080ti has gpus: 7/10 2/10 0/0 0/0" func=scheduler-exp/service.CheckResource file="/home/k8s-master/zy-test/scheduler-exp/service/resourceMonitor.go:87"
time="2024-03-24 15:35:27" level=debug msg="GPU request is satisfied" func=scheduler-exp/service.CheckResource file="/home/k8s-master/zy-test/scheduler-exp/service/resourceMonitor.go:102"
time="2024-03-24 15:35:27" level=debug msg="Creating deployment ... ... ..." func=scheduler-exp/k8s.CreateDeployment file="/home/k8s-master/zy-test/scheduler-exp/k8s/deployment.go:98"
time="2024-03-24 15:35:27" level=debug msg="Created deployment \"exp-task-4-6\"." func=scheduler-exp/k8s.CreateDeployment file="/home/k8s-master/zy-test/scheduler-exp/k8s/deployment.go:104"
time="2024-03-24 15:35:27" level=info msg="Task task-4-6 created successfully" func=main.createTask file="/home/k8s-master/zy-test/scheduler-exp/main.go:50"
time="2024-03-24 15:35:27" level=debug msg="Get deployment \"exp-task-4-6\"." func=scheduler-exp/k8s.GetDeployment file="/home/k8s-master/zy-test/scheduler-exp/k8s/deployment.go:116"
time="2024-03-24 15:35:27" level=info msg="Task task-4-6 exists" func=main.createTask file="/home/k8s-master/zy-test/scheduler-exp/main.go:60"
time="2024-03-24 15:35:32" level=debug msg="taskName: task-5-3, gpumem: 3" func=main.createTask file="/home/k8s-master/zy-test/scheduler-exp/main.go:41"
time="2024-03-24 15:35:32" level=info msg="Create task task-5-3with gpu 3" func=scheduler-exp/service.CreateTask file="/home/k8s-master/zy-test/scheduler-exp/service/Task.go:40"
time="2024-03-24 15:35:32" level=debug msg="ubuntu-01 has gpus: 6/8 0/8 0/0 0/0" func=scheduler-exp/service.CheckResource file="/home/k8s-master/zy-test/scheduler-exp/service/resourceMonitor.go:87"
time="2024-03-24 15:35:32" level=debug msg="GPU request is satisfied" func=scheduler-exp/service.CheckResource file="/home/k8s-master/zy-test/scheduler-exp/service/resourceMonitor.go:102"
time="2024-03-24 15:35:32" level=debug msg="Creating deployment ... ... ..." func=scheduler-exp/k8s.CreateDeployment file="/home/k8s-master/zy-test/scheduler-exp/k8s/deployment.go:98"
time="2024-03-24 15:35:32" level=debug msg="Created deployment \"exp-task-5-3\"." func=scheduler-exp/k8s.CreateDeployment file="/home/k8s-master/zy-test/scheduler-exp/k8s/deployment.go:104"
time="2024-03-24 15:35:32" level=info msg="Task task-5-3 created successfully" func=main.createTask file="/home/k8s-master/zy-test/scheduler-exp/main.go:50"
time="2024-03-24 15:35:32" level=debug msg="Get deployment \"exp-task-5-3\"." func=scheduler-exp/k8s.GetDeployment file="/home/k8s-master/zy-test/scheduler-exp/k8s/deployment.go:116"
time="2024-03-24 15:35:32" level=info msg="Task task-5-3 exists" func=main.createTask file="/home/k8s-master/zy-test/scheduler-exp/main.go:60"
time="2024-03-24 15:35:37" level=debug msg="taskName: task-6-5, gpumem: 5" func=main.createTask file="/home/k8s-master/zy-test/scheduler-exp/main.go:41"
time="2024-03-24 15:35:37" level=info msg="Create task task-6-5with gpu 5" func=scheduler-exp/service.CreateTask file="/home/k8s-master/zy-test/scheduler-exp/service/Task.go:40"
time="2024-03-24 15:35:37" level=debug msg="ubuntu-2080ti has gpus: 7/10 2/10 0/0 0/0" func=scheduler-exp/service.CheckResource file="/home/k8s-master/zy-test/scheduler-exp/service/resourceMonitor.go:87"
time="2024-03-24 15:35:37" level=debug msg="GPU request is satisfied" func=scheduler-exp/service.CheckResource file="/home/k8s-master/zy-test/scheduler-exp/service/resourceMonitor.go:102"
time="2024-03-24 15:35:37" level=debug msg="Creating deployment ... ... ..." func=scheduler-exp/k8s.CreateDeployment file="/home/k8s-master/zy-test/scheduler-exp/k8s/deployment.go:98"
time="2024-03-24 15:35:37" level=debug msg="Created deployment \"exp-task-6-5\"." func=scheduler-exp/k8s.CreateDeployment file="/home/k8s-master/zy-test/scheduler-exp/k8s/deployment.go:104"
time="2024-03-24 15:35:37" level=info msg="Task task-6-5 created successfully" func=main.createTask file="/home/k8s-master/zy-test/scheduler-exp/main.go:50"
time="2024-03-24 15:35:37" level=debug msg="Get deployment \"exp-task-6-5\"." func=scheduler-exp/k8s.GetDeployment file="/home/k8s-master/zy-test/scheduler-exp/k8s/deployment.go:116"
time="2024-03-24 15:35:37" level=info msg="Task task-6-5 exists" func=main.createTask file="/home/k8s-master/zy-test/scheduler-exp/main.go:60"
time="2024-03-24 15:35:42" level=debug msg="taskName: task-7-3, gpumem: 3" func=main.createTask file="/home/k8s-master/zy-test/scheduler-exp/main.go:41"
time="2024-03-24 15:35:42" level=info msg="Create task task-7-3with gpu 3" func=scheduler-exp/service.CreateTask file="/home/k8s-master/zy-test/scheduler-exp/service/Task.go:40"
time="2024-03-24 15:35:42" level=debug msg="ubuntu-2080ti has gpus: 7/10 7/10 0/0 0/0" func=scheduler-exp/service.CheckResource file="/home/k8s-master/zy-test/scheduler-exp/service/resourceMonitor.go:87"
time="2024-03-24 15:35:42" level=debug msg="GPU request is satisfied" func=scheduler-exp/service.CheckResource file="/home/k8s-master/zy-test/scheduler-exp/service/resourceMonitor.go:102"
time="2024-03-24 15:35:42" level=debug msg="Creating deployment ... ... ..." func=scheduler-exp/k8s.CreateDeployment file="/home/k8s-master/zy-test/scheduler-exp/k8s/deployment.go:98"
time="2024-03-24 15:35:42" level=debug msg="Created deployment \"exp-task-7-3\"." func=scheduler-exp/k8s.CreateDeployment file="/home/k8s-master/zy-test/scheduler-exp/k8s/deployment.go:104"
time="2024-03-24 15:35:42" level=info msg="Task task-7-3 created successfully" func=main.createTask file="/home/k8s-master/zy-test/scheduler-exp/main.go:50"
time="2024-03-24 15:35:43" level=debug msg="Get deployment \"exp-task-7-3\"." func=scheduler-exp/k8s.GetDeployment file="/home/k8s-master/zy-test/scheduler-exp/k8s/deployment.go:116"
time="2024-03-24 15:35:43" level=info msg="Task task-7-3 exists" func=main.createTask file="/home/k8s-master/zy-test/scheduler-exp/main.go:60"
time="2024-03-24 15:35:48" level=debug msg="taskName: task-8-5, gpumem: 5" func=main.createTask file="/home/k8s-master/zy-test/scheduler-exp/main.go:41"
time="2024-03-24 15:35:48" level=info msg="Create task task-8-5with gpu 5" func=scheduler-exp/service.CreateTask file="/home/k8s-master/zy-test/scheduler-exp/service/Task.go:40"
time="2024-03-24 15:35:48" level=debug msg="ubuntu-01 has gpus: 6/8 3/8 0/0 0/0" func=scheduler-exp/service.CheckResource file="/home/k8s-master/zy-test/scheduler-exp/service/resourceMonitor.go:87"
time="2024-03-24 15:35:48" level=debug msg="GPU request is satisfied" func=scheduler-exp/service.CheckResource file="/home/k8s-master/zy-test/scheduler-exp/service/resourceMonitor.go:102"
time="2024-03-24 15:35:48" level=debug msg="Creating deployment ... ... ..." func=scheduler-exp/k8s.CreateDeployment file="/home/k8s-master/zy-test/scheduler-exp/k8s/deployment.go:98"
time="2024-03-24 15:35:48" level=debug msg="Created deployment \"exp-task-8-5\"." func=scheduler-exp/k8s.CreateDeployment file="/home/k8s-master/zy-test/scheduler-exp/k8s/deployment.go:104"
time="2024-03-24 15:35:48" level=info msg="Task task-8-5 created successfully" func=main.createTask file="/home/k8s-master/zy-test/scheduler-exp/main.go:50"
time="2024-03-24 15:35:48" level=debug msg="Get deployment \"exp-task-8-5\"." func=scheduler-exp/k8s.GetDeployment file="/home/k8s-master/zy-test/scheduler-exp/k8s/deployment.go:116"
time="2024-03-24 15:35:48" level=info msg="Task task-8-5 exists" func=main.createTask file="/home/k8s-master/zy-test/scheduler-exp/main.go:60"
time="2024-03-24 15:35:53" level=debug msg="taskName: task-9-4, gpumem: 4" func=main.createTask file="/home/k8s-master/zy-test/scheduler-exp/main.go:41"
time="2024-03-24 15:35:53" level=info msg="Create task task-9-4with gpu 4" func=scheduler-exp/service.CreateTask file="/home/k8s-master/zy-test/scheduler-exp/service/Task.go:40"
time="2024-03-24 15:35:53" level=debug msg="ubuntu-02 has gpus: 8/8 3/8 0/0 0/0" func=scheduler-exp/service.CheckResource file="/home/k8s-master/zy-test/scheduler-exp/service/resourceMonitor.go:87"
time="2024-03-24 15:35:53" level=debug msg="GPU request is satisfied" func=scheduler-exp/service.CheckResource file="/home/k8s-master/zy-test/scheduler-exp/service/resourceMonitor.go:102"
time="2024-03-24 15:35:53" level=debug msg="Creating deployment ... ... ..." func=scheduler-exp/k8s.CreateDeployment file="/home/k8s-master/zy-test/scheduler-exp/k8s/deployment.go:98"
time="2024-03-24 15:35:53" level=debug msg="Created deployment \"exp-task-9-4\"." func=scheduler-exp/k8s.CreateDeployment file="/home/k8s-master/zy-test/scheduler-exp/k8s/deployment.go:104"
time="2024-03-24 15:35:53" level=info msg="Task task-9-4 created successfully" func=main.createTask file="/home/k8s-master/zy-test/scheduler-exp/main.go:50"
time="2024-03-24 15:35:53" level=debug msg="Get deployment \"exp-task-9-4\"." func=scheduler-exp/k8s.GetDeployment file="/home/k8s-master/zy-test/scheduler-exp/k8s/deployment.go:116"
time="2024-03-24 15:35:53" level=info msg="Task task-9-4 exists" func=main.createTask file="/home/k8s-master/zy-test/scheduler-exp/main.go:60"
time="2024-03-24 15:35:56" level=debug msg="Deleted deployment \"exp-task-0-2\"." func=scheduler-exp/k8s.DeleteDeployment file="/home/k8s-master/zy-test/scheduler-exp/k8s/deployment.go:129"
time="2024-03-24 15:35:56" level=error msg="Failed to get deployment \"exp-task-0-2\": deployments.apps \"exp-task-0-2\" not found" func=scheduler-exp/k8s.GetDeployment file="/home/k8s-master/zy-test/scheduler-exp/k8s/deployment.go:113"
time="2024-03-24 15:35:56" level=info msg="Task task-0-2 exists" func=main.deleteTask file="/home/k8s-master/zy-test/scheduler-exp/main.go:84"
time="2024-03-24 15:35:59" level=debug msg="Deleted deployment \"exp-task-1-2\"." func=scheduler-exp/k8s.DeleteDeployment file="/home/k8s-master/zy-test/scheduler-exp/k8s/deployment.go:129"
time="2024-03-24 15:35:59" level=error msg="Failed to get deployment \"exp-task-1-2\": deployments.apps \"exp-task-1-2\" not found" func=scheduler-exp/k8s.GetDeployment file="/home/k8s-master/zy-test/scheduler-exp/k8s/deployment.go:113"
time="2024-03-24 15:35:59" level=info msg="Task task-1-2 exists" func=main.deleteTask file="/home/k8s-master/zy-test/scheduler-exp/main.go:84"
time="2024-03-24 15:36:02" level=debug msg="Deleted deployment \"exp-task-2-5\"." func=scheduler-exp/k8s.DeleteDeployment file="/home/k8s-master/zy-test/scheduler-exp/k8s/deployment.go:129"
time="2024-03-24 15:36:02" level=error msg="Failed to get deployment \"exp-task-2-5\": deployments.apps \"exp-task-2-5\" not found" func=scheduler-exp/k8s.GetDeployment file="/home/k8s-master/zy-test/scheduler-exp/k8s/deployment.go:113"
time="2024-03-24 15:36:02" level=info msg="Task task-2-5 exists" func=main.deleteTask file="/home/k8s-master/zy-test/scheduler-exp/main.go:84"
time="2024-03-24 15:36:05" level=debug msg="Deleted deployment \"exp-task-3-3\"." func=scheduler-exp/k8s.DeleteDeployment file="/home/k8s-master/zy-test/scheduler-exp/k8s/deployment.go:129"
time="2024-03-24 15:36:06" level=error msg="Failed to get deployment \"exp-task-3-3\": deployments.apps \"exp-task-3-3\" not found" func=scheduler-exp/k8s.GetDeployment file="/home/k8s-master/zy-test/scheduler-exp/k8s/deployment.go:113"
time="2024-03-24 15:36:06" level=info msg="Task task-3-3 exists" func=main.deleteTask file="/home/k8s-master/zy-test/scheduler-exp/main.go:84"
time="2024-03-24 15:36:09" level=debug msg="Deleted deployment \"exp-task-4-6\"." func=scheduler-exp/k8s.DeleteDeployment file="/home/k8s-master/zy-test/scheduler-exp/k8s/deployment.go:129"
time="2024-03-24 15:36:09" level=error msg="Failed to get deployment \"exp-task-4-6\": deployments.apps \"exp-task-4-6\" not found" func=scheduler-exp/k8s.GetDeployment file="/home/k8s-master/zy-test/scheduler-exp/k8s/deployment.go:113"
time="2024-03-24 15:36:09" level=info msg="Task task-4-6 exists" func=main.deleteTask file="/home/k8s-master/zy-test/scheduler-exp/main.go:84"
time="2024-03-24 15:36:12" level=debug msg="Deleted deployment \"exp-task-5-3\"." func=scheduler-exp/k8s.DeleteDeployment file="/home/k8s-master/zy-test/scheduler-exp/k8s/deployment.go:129"
time="2024-03-24 15:36:12" level=error msg="Failed to get deployment \"exp-task-5-3\": deployments.apps \"exp-task-5-3\" not found" func=scheduler-exp/k8s.GetDeployment file="/home/k8s-master/zy-test/scheduler-exp/k8s/deployment.go:113"
time="2024-03-24 15:36:12" level=info msg="Task task-5-3 exists" func=main.deleteTask file="/home/k8s-master/zy-test/scheduler-exp/main.go:84"
time="2024-03-24 15:36:15" level=debug msg="Deleted deployment \"exp-task-6-5\"." func=scheduler-exp/k8s.DeleteDeployment file="/home/k8s-master/zy-test/scheduler-exp/k8s/deployment.go:129"
time="2024-03-24 15:36:15" level=error msg="Failed to get deployment \"exp-task-6-5\": deployments.apps \"exp-task-6-5\" not found" func=scheduler-exp/k8s.GetDeployment file="/home/k8s-master/zy-test/scheduler-exp/k8s/deployment.go:113"
time="2024-03-24 15:36:15" level=info msg="Task task-6-5 exists" func=main.deleteTask file="/home/k8s-master/zy-test/scheduler-exp/main.go:84"
time="2024-03-24 15:36:18" level=debug msg="Deleted deployment \"exp-task-7-3\"." func=scheduler-exp/k8s.DeleteDeployment file="/home/k8s-master/zy-test/scheduler-exp/k8s/deployment.go:129"
time="2024-03-24 15:36:18" level=error msg="Failed to get deployment \"exp-task-7-3\": deployments.apps \"exp-task-7-3\" not found" func=scheduler-exp/k8s.GetDeployment file="/home/k8s-master/zy-test/scheduler-exp/k8s/deployment.go:113"
time="2024-03-24 15:36:18" level=info msg="Task task-7-3 exists" func=main.deleteTask file="/home/k8s-master/zy-test/scheduler-exp/main.go:84"
time="2024-03-24 15:36:21" level=debug msg="Deleted deployment \"exp-task-8-5\"." func=scheduler-exp/k8s.DeleteDeployment file="/home/k8s-master/zy-test/scheduler-exp/k8s/deployment.go:129"
time="2024-03-24 15:36:21" level=error msg="Failed to get deployment \"exp-task-8-5\": deployments.apps \"exp-task-8-5\" not found" func=scheduler-exp/k8s.GetDeployment file="/home/k8s-master/zy-test/scheduler-exp/k8s/deployment.go:113"
time="2024-03-24 15:36:21" level=info msg="Task task-8-5 exists" func=main.deleteTask file="/home/k8s-master/zy-test/scheduler-exp/main.go:84"
time="2024-03-24 15:36:24" level=debug msg="Deleted deployment \"exp-task-9-4\"." func=scheduler-exp/k8s.DeleteDeployment file="/home/k8s-master/zy-test/scheduler-exp/k8s/deployment.go:129"
time="2024-03-24 15:36:24" level=error msg="Failed to get deployment \"exp-task-9-4\": deployments.apps \"exp-task-9-4\" not found" func=scheduler-exp/k8s.GetDeployment file="/home/k8s-master/zy-test/scheduler-exp/k8s/deployment.go:113"
time="2024-03-24 15:36:24" level=info msg="Task task-9-4 exists" func=main.deleteTask file="/home/k8s-master/zy-test/scheduler-exp/main.go:84"
time="2024-03-24 15:39:17" level=debug msg="taskName: task-0-3, gpumem: 3" func=main.createTask file="/home/k8s-master/zy-test/scheduler-exp/main.go:41"
time="2024-03-24 15:39:17" level=info msg="Create task task-0-3with gpu 3" func=scheduler-exp/service.CreateTask file="/home/k8s-master/zy-test/scheduler-exp/service/Task.go:40"
time="2024-03-24 15:39:18" level=debug msg="ubuntu-01 has gpus: 0/8 0/8 0/0 0/0" func=scheduler-exp/service.CheckResource file="/home/k8s-master/zy-test/scheduler-exp/service/resourceMonitor.go:87"
time="2024-03-24 15:39:18" level=debug msg="GPU request is satisfied" func=scheduler-exp/service.CheckResource file="/home/k8s-master/zy-test/scheduler-exp/service/resourceMonitor.go:102"
time="2024-03-24 15:39:18" level=debug msg="Creating deployment ... ... ..." func=scheduler-exp/k8s.CreateDeployment file="/home/k8s-master/zy-test/scheduler-exp/k8s/deployment.go:98"
time="2024-03-24 15:39:18" level=debug msg="Created deployment \"exp-task-0-3\"." func=scheduler-exp/k8s.CreateDeployment file="/home/k8s-master/zy-test/scheduler-exp/k8s/deployment.go:104"
time="2024-03-24 15:39:18" level=info msg="Task task-0-3 created successfully" func=main.createTask file="/home/k8s-master/zy-test/scheduler-exp/main.go:50"
time="2024-03-24 15:39:18" level=debug msg="Get deployment \"exp-task-0-3\"." func=scheduler-exp/k8s.GetDeployment file="/home/k8s-master/zy-test/scheduler-exp/k8s/deployment.go:116"
time="2024-03-24 15:39:18" level=info msg="Task task-0-3 exists" func=main.createTask file="/home/k8s-master/zy-test/scheduler-exp/main.go:60"
time="2024-03-24 15:39:23" level=debug msg="taskName: task-1-4, gpumem: 4" func=main.createTask file="/home/k8s-master/zy-test/scheduler-exp/main.go:41"
time="2024-03-24 15:39:23" level=info msg="Create task task-1-4with gpu 4" func=scheduler-exp/service.CreateTask file="/home/k8s-master/zy-test/scheduler-exp/service/Task.go:40"
time="2024-03-24 15:39:23" level=debug msg="ubuntu-01 has gpus: 0/8 0/8 0/0 0/0" func=scheduler-exp/service.CheckResource file="/home/k8s-master/zy-test/scheduler-exp/service/resourceMonitor.go:87"
time="2024-03-24 15:39:23" level=debug msg="GPU request is satisfied" func=scheduler-exp/service.CheckResource file="/home/k8s-master/zy-test/scheduler-exp/service/resourceMonitor.go:102"
time="2024-03-24 15:39:23" level=debug msg="Creating deployment ... ... ..." func=scheduler-exp/k8s.CreateDeployment file="/home/k8s-master/zy-test/scheduler-exp/k8s/deployment.go:98"
time="2024-03-24 15:39:23" level=debug msg="Created deployment \"exp-task-1-4\"." func=scheduler-exp/k8s.CreateDeployment file="/home/k8s-master/zy-test/scheduler-exp/k8s/deployment.go:104"
time="2024-03-24 15:39:23" level=info msg="Task task-1-4 created successfully" func=main.createTask file="/home/k8s-master/zy-test/scheduler-exp/main.go:50"
time="2024-03-24 15:39:23" level=debug msg="Get deployment \"exp-task-1-4\"." func=scheduler-exp/k8s.GetDeployment file="/home/k8s-master/zy-test/scheduler-exp/k8s/deployment.go:116"
time="2024-03-24 15:39:23" level=info msg="Task task-1-4 exists" func=main.createTask file="/home/k8s-master/zy-test/scheduler-exp/main.go:60"
time="2024-03-24 15:39:28" level=debug msg="taskName: task-2-6, gpumem: 6" func=main.createTask file="/home/k8s-master/zy-test/scheduler-exp/main.go:41"
time="2024-03-24 15:39:28" level=info msg="Create task task-2-6with gpu 6" func=scheduler-exp/service.CreateTask file="/home/k8s-master/zy-test/scheduler-exp/service/Task.go:40"
time="2024-03-24 15:39:28" level=debug msg="ubuntu-01 has gpus: 0/8 0/8 0/0 0/0" func=scheduler-exp/service.CheckResource file="/home/k8s-master/zy-test/scheduler-exp/service/resourceMonitor.go:87"
time="2024-03-24 15:39:28" level=debug msg="GPU request is satisfied" func=scheduler-exp/service.CheckResource file="/home/k8s-master/zy-test/scheduler-exp/service/resourceMonitor.go:102"
time="2024-03-24 15:39:28" level=debug msg="Creating deployment ... ... ..." func=scheduler-exp/k8s.CreateDeployment file="/home/k8s-master/zy-test/scheduler-exp/k8s/deployment.go:98"
time="2024-03-24 15:39:28" level=debug msg="Created deployment \"exp-task-2-6\"." func=scheduler-exp/k8s.CreateDeployment file="/home/k8s-master/zy-test/scheduler-exp/k8s/deployment.go:104"
time="2024-03-24 15:39:28" level=info msg="Task task-2-6 created successfully" func=main.createTask file="/home/k8s-master/zy-test/scheduler-exp/main.go:50"
time="2024-03-24 15:39:28" level=debug msg="Get deployment \"exp-task-2-6\"." func=scheduler-exp/k8s.GetDeployment file="/home/k8s-master/zy-test/scheduler-exp/k8s/deployment.go:116"
time="2024-03-24 15:39:28" level=info msg="Task task-2-6 exists" func=main.createTask file="/home/k8s-master/zy-test/scheduler-exp/main.go:60"
time="2024-03-24 15:39:33" level=debug msg="taskName: task-3-4, gpumem: 4" func=main.createTask file="/home/k8s-master/zy-test/scheduler-exp/main.go:41"
time="2024-03-24 15:39:33" level=info msg="Create task task-3-4with gpu 4" func=scheduler-exp/service.CreateTask file="/home/k8s-master/zy-test/scheduler-exp/service/Task.go:40"
time="2024-03-24 15:39:33" level=debug msg="ubuntu-01 has gpus: 0/8 0/8 0/0 0/0" func=scheduler-exp/service.CheckResource file="/home/k8s-master/zy-test/scheduler-exp/service/resourceMonitor.go:87"
time="2024-03-24 15:39:33" level=debug msg="GPU request is satisfied" func=scheduler-exp/service.CheckResource file="/home/k8s-master/zy-test/scheduler-exp/service/resourceMonitor.go:102"
time="2024-03-24 15:39:33" level=debug msg="Creating deployment ... ... ..." func=scheduler-exp/k8s.CreateDeployment file="/home/k8s-master/zy-test/scheduler-exp/k8s/deployment.go:98"
time="2024-03-24 15:39:33" level=debug msg="Created deployment \"exp-task-3-4\"." func=scheduler-exp/k8s.CreateDeployment file="/home/k8s-master/zy-test/scheduler-exp/k8s/deployment.go:104"
time="2024-03-24 15:39:33" level=info msg="Task task-3-4 created successfully" func=main.createTask file="/home/k8s-master/zy-test/scheduler-exp/main.go:50"
time="2024-03-24 15:39:33" level=debug msg="Get deployment \"exp-task-3-4\"." func=scheduler-exp/k8s.GetDeployment file="/home/k8s-master/zy-test/scheduler-exp/k8s/deployment.go:116"
time="2024-03-24 15:39:33" level=info msg="Task task-3-4 exists" func=main.createTask file="/home/k8s-master/zy-test/scheduler-exp/main.go:60"
time="2024-03-24 15:39:38" level=debug msg="taskName: task-4-4, gpumem: 4" func=main.createTask file="/home/k8s-master/zy-test/scheduler-exp/main.go:41"
time="2024-03-24 15:39:38" level=info msg="Create task task-4-4with gpu 4" func=scheduler-exp/service.CreateTask file="/home/k8s-master/zy-test/scheduler-exp/service/Task.go:40"
time="2024-03-24 15:39:39" level=debug msg="ubuntu-01 has gpus: 4/8 0/8 0/0 0/0" func=scheduler-exp/service.CheckResource file="/home/k8s-master/zy-test/scheduler-exp/service/resourceMonitor.go:87"
time="2024-03-24 15:39:39" level=debug msg="GPU request is satisfied" func=scheduler-exp/service.CheckResource file="/home/k8s-master/zy-test/scheduler-exp/service/resourceMonitor.go:102"
time="2024-03-24 15:39:39" level=debug msg="Creating deployment ... ... ..." func=scheduler-exp/k8s.CreateDeployment file="/home/k8s-master/zy-test/scheduler-exp/k8s/deployment.go:98"
time="2024-03-24 15:39:39" level=debug msg="Created deployment \"exp-task-4-4\"." func=scheduler-exp/k8s.CreateDeployment file="/home/k8s-master/zy-test/scheduler-exp/k8s/deployment.go:104"
time="2024-03-24 15:39:39" level=info msg="Task task-4-4 created successfully" func=main.createTask file="/home/k8s-master/zy-test/scheduler-exp/main.go:50"
time="2024-03-24 15:39:39" level=debug msg="Get deployment \"exp-task-4-4\"." func=scheduler-exp/k8s.GetDeployment file="/home/k8s-master/zy-test/scheduler-exp/k8s/deployment.go:116"
time="2024-03-24 15:39:39" level=info msg="Task task-4-4 exists" func=main.createTask file="/home/k8s-master/zy-test/scheduler-exp/main.go:60"
time="2024-03-24 15:39:44" level=debug msg="taskName: task-5-2, gpumem: 2" func=main.createTask file="/home/k8s-master/zy-test/scheduler-exp/main.go:41"
time="2024-03-24 15:39:44" level=info msg="Create task task-5-2with gpu 2" func=scheduler-exp/service.CreateTask file="/home/k8s-master/zy-test/scheduler-exp/service/Task.go:40"
time="2024-03-24 15:39:44" level=debug msg="ubuntu-02 has gpus: 6/8 0/8 0/0 0/0" func=scheduler-exp/service.CheckResource file="/home/k8s-master/zy-test/scheduler-exp/service/resourceMonitor.go:87"
time="2024-03-24 15:39:44" level=debug msg="GPU request is satisfied" func=scheduler-exp/service.CheckResource file="/home/k8s-master/zy-test/scheduler-exp/service/resourceMonitor.go:102"
time="2024-03-24 15:39:44" level=debug msg="Creating deployment ... ... ..." func=scheduler-exp/k8s.CreateDeployment file="/home/k8s-master/zy-test/scheduler-exp/k8s/deployment.go:98"
time="2024-03-24 15:39:44" level=debug msg="Created deployment \"exp-task-5-2\"." func=scheduler-exp/k8s.CreateDeployment file="/home/k8s-master/zy-test/scheduler-exp/k8s/deployment.go:104"
time="2024-03-24 15:39:44" level=info msg="Task task-5-2 created successfully" func=main.createTask file="/home/k8s-master/zy-test/scheduler-exp/main.go:50"
time="2024-03-24 15:39:44" level=debug msg="Get deployment \"exp-task-5-2\"." func=scheduler-exp/k8s.GetDeployment file="/home/k8s-master/zy-test/scheduler-exp/k8s/deployment.go:116"
time="2024-03-24 15:39:44" level=info msg="Task task-5-2 exists" func=main.createTask file="/home/k8s-master/zy-test/scheduler-exp/main.go:60"
time="2024-03-24 15:39:49" level=debug msg="taskName: task-6-3, gpumem: 3" func=main.createTask file="/home/k8s-master/zy-test/scheduler-exp/main.go:41"
time="2024-03-24 15:39:49" level=info msg="Create task task-6-3with gpu 3" func=scheduler-exp/service.CreateTask file="/home/k8s-master/zy-test/scheduler-exp/service/Task.go:40"
time="2024-03-24 15:39:49" level=debug msg="ubuntu-2080ti has gpus: 7/10 4/10 0/0 0/0" func=scheduler-exp/service.CheckResource file="/home/k8s-master/zy-test/scheduler-exp/service/resourceMonitor.go:87"
time="2024-03-24 15:39:49" level=debug msg="GPU request is satisfied" func=scheduler-exp/service.CheckResource file="/home/k8s-master/zy-test/scheduler-exp/service/resourceMonitor.go:102"
time="2024-03-24 15:39:49" level=debug msg="Creating deployment ... ... ..." func=scheduler-exp/k8s.CreateDeployment file="/home/k8s-master/zy-test/scheduler-exp/k8s/deployment.go:98"
time="2024-03-24 15:39:49" level=debug msg="Created deployment \"exp-task-6-3\"." func=scheduler-exp/k8s.CreateDeployment file="/home/k8s-master/zy-test/scheduler-exp/k8s/deployment.go:104"
time="2024-03-24 15:39:49" level=info msg="Task task-6-3 created successfully" func=main.createTask file="/home/k8s-master/zy-test/scheduler-exp/main.go:50"
time="2024-03-24 15:39:49" level=debug msg="Get deployment \"exp-task-6-3\"." func=scheduler-exp/k8s.GetDeployment file="/home/k8s-master/zy-test/scheduler-exp/k8s/deployment.go:116"
time="2024-03-24 15:39:49" level=info msg="Task task-6-3 exists" func=main.createTask file="/home/k8s-master/zy-test/scheduler-exp/main.go:60"
time="2024-03-24 15:39:54" level=debug msg="taskName: task-7-6, gpumem: 6" func=main.createTask file="/home/k8s-master/zy-test/scheduler-exp/main.go:41"
time="2024-03-24 15:39:54" level=info msg="Create task task-7-6with gpu 6" func=scheduler-exp/service.CreateTask file="/home/k8s-master/zy-test/scheduler-exp/service/Task.go:40"
time="2024-03-24 15:39:54" level=debug msg="ubuntu-01 has gpus: 4/8 2/8 0/0 0/0" func=scheduler-exp/service.CheckResource file="/home/k8s-master/zy-test/scheduler-exp/service/resourceMonitor.go:87"
time="2024-03-24 15:39:54" level=debug msg="GPU request is satisfied" func=scheduler-exp/service.CheckResource file="/home/k8s-master/zy-test/scheduler-exp/service/resourceMonitor.go:102"
time="2024-03-24 15:39:54" level=debug msg="Creating deployment ... ... ..." func=scheduler-exp/k8s.CreateDeployment file="/home/k8s-master/zy-test/scheduler-exp/k8s/deployment.go:98"
time="2024-03-24 15:39:54" level=debug msg="Created deployment \"exp-task-7-6\"." func=scheduler-exp/k8s.CreateDeployment file="/home/k8s-master/zy-test/scheduler-exp/k8s/deployment.go:104"
time="2024-03-24 15:39:54" level=info msg="Task task-7-6 created successfully" func=main.createTask file="/home/k8s-master/zy-test/scheduler-exp/main.go:50"
time="2024-03-24 15:39:54" level=debug msg="Get deployment \"exp-task-7-6\"." func=scheduler-exp/k8s.GetDeployment file="/home/k8s-master/zy-test/scheduler-exp/k8s/deployment.go:116"
time="2024-03-24 15:39:54" level=info msg="Task task-7-6 exists" func=main.createTask file="/home/k8s-master/zy-test/scheduler-exp/main.go:60"
time="2024-03-24 15:39:59" level=debug msg="taskName: task-8-6, gpumem: 6" func=main.createTask file="/home/k8s-master/zy-test/scheduler-exp/main.go:41"
time="2024-03-24 15:39:59" level=info msg="Create task task-8-6with gpu 6" func=scheduler-exp/service.CreateTask file="/home/k8s-master/zy-test/scheduler-exp/service/Task.go:40"
time="2024-03-24 15:40:00" level=debug msg="ubuntu-01 has gpus: 4/8 8/8 0/0 0/0" func=scheduler-exp/service.CheckResource file="/home/k8s-master/zy-test/scheduler-exp/service/resourceMonitor.go:87"
time="2024-03-24 15:40:00" level=debug msg="ubuntu-02 has gpus: 6/8 3/8 0/0 0/0" func=scheduler-exp/service.CheckResource file="/home/k8s-master/zy-test/scheduler-exp/service/resourceMonitor.go:87"
time="2024-03-24 15:40:00" level=debug msg="ubuntu-2080ti has gpus: 7/10 4/10 0/0 0/0" func=scheduler-exp/service.CheckResource file="/home/k8s-master/zy-test/scheduler-exp/service/resourceMonitor.go:87"
time="2024-03-24 15:40:00" level=debug msg="GPU request is satisfied" func=scheduler-exp/service.CheckResource file="/home/k8s-master/zy-test/scheduler-exp/service/resourceMonitor.go:102"
time="2024-03-24 15:40:00" level=debug msg="Creating deployment ... ... ..." func=scheduler-exp/k8s.CreateDeployment file="/home/k8s-master/zy-test/scheduler-exp/k8s/deployment.go:98"
time="2024-03-24 15:40:00" level=debug msg="Created deployment \"exp-task-8-6\"." func=scheduler-exp/k8s.CreateDeployment file="/home/k8s-master/zy-test/scheduler-exp/k8s/deployment.go:104"
time="2024-03-24 15:40:00" level=info msg="Task task-8-6 created successfully" func=main.createTask file="/home/k8s-master/zy-test/scheduler-exp/main.go:50"
time="2024-03-24 15:40:00" level=debug msg="Get deployment \"exp-task-8-6\"." func=scheduler-exp/k8s.GetDeployment file="/home/k8s-master/zy-test/scheduler-exp/k8s/deployment.go:116"
time="2024-03-24 15:40:00" level=info msg="Task task-8-6 exists" func=main.createTask file="/home/k8s-master/zy-test/scheduler-exp/main.go:60"
time="2024-03-24 15:40:05" level=debug msg="taskName: task-9-3, gpumem: 3" func=main.createTask file="/home/k8s-master/zy-test/scheduler-exp/main.go:41"
time="2024-03-24 15:40:05" level=info msg="Create task task-9-3with gpu 3" func=scheduler-exp/service.CreateTask file="/home/k8s-master/zy-test/scheduler-exp/service/Task.go:40"
time="2024-03-24 15:40:05" level=debug msg="ubuntu-02 has gpus: 6/8 3/8 0/0 0/0" func=scheduler-exp/service.CheckResource file="/home/k8s-master/zy-test/scheduler-exp/service/resourceMonitor.go:87"
time="2024-03-24 15:40:05" level=debug msg="GPU request is satisfied" func=scheduler-exp/service.CheckResource file="/home/k8s-master/zy-test/scheduler-exp/service/resourceMonitor.go:102"
time="2024-03-24 15:40:05" level=debug msg="Creating deployment ... ... ..." func=scheduler-exp/k8s.CreateDeployment file="/home/k8s-master/zy-test/scheduler-exp/k8s/deployment.go:98"
time="2024-03-24 15:40:05" level=debug msg="Created deployment \"exp-task-9-3\"." func=scheduler-exp/k8s.CreateDeployment file="/home/k8s-master/zy-test/scheduler-exp/k8s/deployment.go:104"
time="2024-03-24 15:40:05" level=info msg="Task task-9-3 created successfully" func=main.createTask file="/home/k8s-master/zy-test/scheduler-exp/main.go:50"
time="2024-03-24 15:40:05" level=debug msg="Get deployment \"exp-task-9-3\"." func=scheduler-exp/k8s.GetDeployment file="/home/k8s-master/zy-test/scheduler-exp/k8s/deployment.go:116"
time="2024-03-24 15:40:05" level=info msg="Task task-9-3 exists" func=main.createTask file="/home/k8s-master/zy-test/scheduler-exp/main.go:60"
time="2024-03-24 15:40:10" level=debug msg="taskName: task-10-2, gpumem: 2" func=main.createTask file="/home/k8s-master/zy-test/scheduler-exp/main.go:41"
time="2024-03-24 15:40:10" level=info msg="Create task task-10-2with gpu 2" func=scheduler-exp/service.CreateTask file="/home/k8s-master/zy-test/scheduler-exp/service/Task.go:40"
time="2024-03-24 15:40:10" level=debug msg="ubuntu-01 has gpus: 4/8 8/8 0/0 0/0" func=scheduler-exp/service.CheckResource file="/home/k8s-master/zy-test/scheduler-exp/service/resourceMonitor.go:87"
time="2024-03-24 15:40:10" level=debug msg="GPU request is satisfied" func=scheduler-exp/service.CheckResource file="/home/k8s-master/zy-test/scheduler-exp/service/resourceMonitor.go:102"
time="2024-03-24 15:40:10" level=debug msg="Creating deployment ... ... ..." func=scheduler-exp/k8s.CreateDeployment file="/home/k8s-master/zy-test/scheduler-exp/k8s/deployment.go:98"
time="2024-03-24 15:40:10" level=debug msg="Created deployment \"exp-task-10-2\"." func=scheduler-exp/k8s.CreateDeployment file="/home/k8s-master/zy-test/scheduler-exp/k8s/deployment.go:104"
time="2024-03-24 15:40:10" level=info msg="Task task-10-2 created successfully" func=main.createTask file="/home/k8s-master/zy-test/scheduler-exp/main.go:50"
time="2024-03-24 15:40:10" level=debug msg="Get deployment \"exp-task-10-2\"." func=scheduler-exp/k8s.GetDeployment file="/home/k8s-master/zy-test/scheduler-exp/k8s/deployment.go:116"
time="2024-03-24 15:40:10" level=info msg="Task task-10-2 exists" func=main.createTask file="/home/k8s-master/zy-test/scheduler-exp/main.go:60"
time="2024-03-24 15:40:15" level=debug msg="taskName: task-11-5, gpumem: 5" func=main.createTask file="/home/k8s-master/zy-test/scheduler-exp/main.go:41"
time="2024-03-24 15:40:15" level=info msg="Create task task-11-5with gpu 5" func=scheduler-exp/service.CreateTask file="/home/k8s-master/zy-test/scheduler-exp/service/Task.go:40"
time="2024-03-24 15:40:15" level=debug msg="ubuntu-01 has gpus: 4/8 8/8 0/0 0/0" func=scheduler-exp/service.CheckResource file="/home/k8s-master/zy-test/scheduler-exp/service/resourceMonitor.go:87"
time="2024-03-24 15:40:15" level=debug msg="ubuntu-02 has gpus: 8/8 6/8 0/0 0/0" func=scheduler-exp/service.CheckResource file="/home/k8s-master/zy-test/scheduler-exp/service/resourceMonitor.go:87"
time="2024-03-24 15:40:15" level=debug msg="ubuntu-2080ti has gpus: 7/10 10/10 0/0 0/0" func=scheduler-exp/service.CheckResource file="/home/k8s-master/zy-test/scheduler-exp/service/resourceMonitor.go:87"
time="2024-03-24 15:40:15" level=error msg="Insufficient resources" func=scheduler-exp/service.CreateTask file="/home/k8s-master/zy-test/scheduler-exp/service/Task.go:42"
time="2024-03-24 15:40:16" level=error msg="Failed to get deployment \"exp-task-11-5\": deployments.apps \"exp-task-11-5\" not found" func=scheduler-exp/k8s.GetDeployment file="/home/k8s-master/zy-test/scheduler-exp/k8s/deployment.go:113"
time="2024-03-24 15:40:21" level=debug msg="taskName: task-12-6, gpumem: 6" func=main.createTask file="/home/k8s-master/zy-test/scheduler-exp/main.go:41"
time="2024-03-24 15:40:21" level=info msg="Create task task-12-6with gpu 6" func=scheduler-exp/service.CreateTask file="/home/k8s-master/zy-test/scheduler-exp/service/Task.go:40"
time="2024-03-24 15:40:21" level=debug msg="ubuntu-01 has gpus: 4/8 8/8 0/0 0/0" func=scheduler-exp/service.CheckResource file="/home/k8s-master/zy-test/scheduler-exp/service/resourceMonitor.go:87"
time="2024-03-24 15:40:21" level=debug msg="ubuntu-02 has gpus: 8/8 6/8 0/0 0/0" func=scheduler-exp/service.CheckResource file="/home/k8s-master/zy-test/scheduler-exp/service/resourceMonitor.go:87"
time="2024-03-24 15:40:21" level=debug msg="ubuntu-2080ti has gpus: 7/10 10/10 0/0 0/0" func=scheduler-exp/service.CheckResource file="/home/k8s-master/zy-test/scheduler-exp/service/resourceMonitor.go:87"
time="2024-03-24 15:40:21" level=error msg="Insufficient resources" func=scheduler-exp/service.CreateTask file="/home/k8s-master/zy-test/scheduler-exp/service/Task.go:42"
time="2024-03-24 15:40:21" level=error msg="Failed to get deployment \"exp-task-12-6\": deployments.apps \"exp-task-12-6\" not found" func=scheduler-exp/k8s.GetDeployment file="/home/k8s-master/zy-test/scheduler-exp/k8s/deployment.go:113"
time="2024-03-24 15:40:26" level=debug msg="taskName: task-13-5, gpumem: 5" func=main.createTask file="/home/k8s-master/zy-test/scheduler-exp/main.go:41"
time="2024-03-24 15:40:26" level=info msg="Create task task-13-5with gpu 5" func=scheduler-exp/service.CreateTask file="/home/k8s-master/zy-test/scheduler-exp/service/Task.go:40"
time="2024-03-24 15:40:26" level=debug msg="ubuntu-01 has gpus: 4/8 8/8 0/0 0/0" func=scheduler-exp/service.CheckResource file="/home/k8s-master/zy-test/scheduler-exp/service/resourceMonitor.go:87"
time="2024-03-24 15:40:26" level=debug msg="ubuntu-02 has gpus: 8/8 6/8 0/0 0/0" func=scheduler-exp/service.CheckResource file="/home/k8s-master/zy-test/scheduler-exp/service/resourceMonitor.go:87"
time="2024-03-24 15:40:26" level=debug msg="ubuntu-2080ti has gpus: 7/10 10/10 0/0 0/0" func=scheduler-exp/service.CheckResource file="/home/k8s-master/zy-test/scheduler-exp/service/resourceMonitor.go:87"
time="2024-03-24 15:40:26" level=error msg="Insufficient resources" func=scheduler-exp/service.CreateTask file="/home/k8s-master/zy-test/scheduler-exp/service/Task.go:42"
time="2024-03-24 15:40:26" level=error msg="Failed to get deployment \"exp-task-13-5\": deployments.apps \"exp-task-13-5\" not found" func=scheduler-exp/k8s.GetDeployment file="/home/k8s-master/zy-test/scheduler-exp/k8s/deployment.go:113"
time="2024-03-24 15:40:31" level=debug msg="taskName: task-14-4, gpumem: 4" func=main.createTask file="/home/k8s-master/zy-test/scheduler-exp/main.go:41"
time="2024-03-24 15:40:31" level=info msg="Create task task-14-4with gpu 4" func=scheduler-exp/service.CreateTask file="/home/k8s-master/zy-test/scheduler-exp/service/Task.go:40"
time="2024-03-24 15:40:31" level=debug msg="ubuntu-01 has gpus: 4/8 8/8 0/0 0/0" func=scheduler-exp/service.CheckResource file="/home/k8s-master/zy-test/scheduler-exp/service/resourceMonitor.go:87"
time="2024-03-24 15:40:31" level=debug msg="GPU request is satisfied" func=scheduler-exp/service.CheckResource file="/home/k8s-master/zy-test/scheduler-exp/service/resourceMonitor.go:102"
time="2024-03-24 15:40:31" level=debug msg="Creating deployment ... ... ..." func=scheduler-exp/k8s.CreateDeployment file="/home/k8s-master/zy-test/scheduler-exp/k8s/deployment.go:98"
time="2024-03-24 15:40:31" level=debug msg="Created deployment \"exp-task-14-4\"." func=scheduler-exp/k8s.CreateDeployment file="/home/k8s-master/zy-test/scheduler-exp/k8s/deployment.go:104"
time="2024-03-24 15:40:31" level=info msg="Task task-14-4 created successfully" func=main.createTask file="/home/k8s-master/zy-test/scheduler-exp/main.go:50"
time="2024-03-24 15:40:31" level=debug msg="Get deployment \"exp-task-14-4\"." func=scheduler-exp/k8s.GetDeployment file="/home/k8s-master/zy-test/scheduler-exp/k8s/deployment.go:116"
time="2024-03-24 15:40:31" level=info msg="Task task-14-4 exists" func=main.createTask file="/home/k8s-master/zy-test/scheduler-exp/main.go:60"
time="2024-03-24 15:40:36" level=debug msg="taskName: task-15-5, gpumem: 5" func=main.createTask file="/home/k8s-master/zy-test/scheduler-exp/main.go:41"
time="2024-03-24 15:40:36" level=info msg="Create task task-15-5with gpu 5" func=scheduler-exp/service.CreateTask file="/home/k8s-master/zy-test/scheduler-exp/service/Task.go:40"
time="2024-03-24 15:40:36" level=debug msg="ubuntu-01 has gpus: 8/8 8/8 0/0 0/0" func=scheduler-exp/service.CheckResource file="/home/k8s-master/zy-test/scheduler-exp/service/resourceMonitor.go:87"
time="2024-03-24 15:40:36" level=debug msg="ubuntu-02 has gpus: 8/8 6/8 0/0 0/0" func=scheduler-exp/service.CheckResource file="/home/k8s-master/zy-test/scheduler-exp/service/resourceMonitor.go:87"
time="2024-03-24 15:40:36" level=debug msg="ubuntu-2080ti has gpus: 7/10 10/10 0/0 0/0" func=scheduler-exp/service.CheckResource file="/home/k8s-master/zy-test/scheduler-exp/service/resourceMonitor.go:87"
time="2024-03-24 15:40:36" level=error msg="Insufficient resources" func=scheduler-exp/service.CreateTask file="/home/k8s-master/zy-test/scheduler-exp/service/Task.go:42"
time="2024-03-24 15:40:36" level=error msg="Failed to get deployment \"exp-task-15-5\": deployments.apps \"exp-task-15-5\" not found" func=scheduler-exp/k8s.GetDeployment file="/home/k8s-master/zy-test/scheduler-exp/k8s/deployment.go:113"
time="2024-03-24 15:40:41" level=debug msg="taskName: task-16-6, gpumem: 6" func=main.createTask file="/home/k8s-master/zy-test/scheduler-exp/main.go:41"
time="2024-03-24 15:40:41" level=info msg="Create task task-16-6with gpu 6" func=scheduler-exp/service.CreateTask file="/home/k8s-master/zy-test/scheduler-exp/service/Task.go:40"
time="2024-03-24 15:40:41" level=debug msg="ubuntu-2080ti has gpus: 7/10 10/10 0/0 0/0" func=scheduler-exp/service.CheckResource file="/home/k8s-master/zy-test/scheduler-exp/service/resourceMonitor.go:87"
time="2024-03-24 15:40:41" level=debug msg="ubuntu-01 has gpus: 8/8 8/8 0/0 0/0" func=scheduler-exp/service.CheckResource file="/home/k8s-master/zy-test/scheduler-exp/service/resourceMonitor.go:87"
time="2024-03-24 15:40:41" level=debug msg="ubuntu-02 has gpus: 8/8 6/8 0/0 0/0" func=scheduler-exp/service.CheckResource file="/home/k8s-master/zy-test/scheduler-exp/service/resourceMonitor.go:87"
time="2024-03-24 15:40:41" level=error msg="Insufficient resources" func=scheduler-exp/service.CreateTask file="/home/k8s-master/zy-test/scheduler-exp/service/Task.go:42"
time="2024-03-24 15:40:41" level=error msg="Failed to get deployment \"exp-task-16-6\": deployments.apps \"exp-task-16-6\" not found" func=scheduler-exp/k8s.GetDeployment file="/home/k8s-master/zy-test/scheduler-exp/k8s/deployment.go:113"
time="2024-03-24 15:40:46" level=debug msg="taskName: task-17-1, gpumem: 1" func=main.createTask file="/home/k8s-master/zy-test/scheduler-exp/main.go:41"
time="2024-03-24 15:40:46" level=info msg="Create task task-17-1with gpu 1" func=scheduler-exp/service.CreateTask file="/home/k8s-master/zy-test/scheduler-exp/service/Task.go:40"
time="2024-03-24 15:40:46" level=debug msg="ubuntu-01 has gpus: 8/8 8/8 0/0 0/0" func=scheduler-exp/service.CheckResource file="/home/k8s-master/zy-test/scheduler-exp/service/resourceMonitor.go:87"
time="2024-03-24 15:40:46" level=debug msg="ubuntu-02 has gpus: 8/8 6/8 0/0 0/0" func=scheduler-exp/service.CheckResource file="/home/k8s-master/zy-test/scheduler-exp/service/resourceMonitor.go:87"
time="2024-03-24 15:40:46" level=debug msg="GPU request is satisfied" func=scheduler-exp/service.CheckResource file="/home/k8s-master/zy-test/scheduler-exp/service/resourceMonitor.go:102"
time="2024-03-24 15:40:46" level=debug msg="Creating deployment ... ... ..." func=scheduler-exp/k8s.CreateDeployment file="/home/k8s-master/zy-test/scheduler-exp/k8s/deployment.go:98"
time="2024-03-24 15:40:47" level=debug msg="Created deployment \"exp-task-17-1\"." func=scheduler-exp/k8s.CreateDeployment file="/home/k8s-master/zy-test/scheduler-exp/k8s/deployment.go:104"
time="2024-03-24 15:40:47" level=info msg="Task task-17-1 created successfully" func=main.createTask file="/home/k8s-master/zy-test/scheduler-exp/main.go:50"
time="2024-03-24 15:40:47" level=debug msg="Get deployment \"exp-task-17-1\"." func=scheduler-exp/k8s.GetDeployment file="/home/k8s-master/zy-test/scheduler-exp/k8s/deployment.go:116"
time="2024-03-24 15:40:47" level=info msg="Task task-17-1 exists" func=main.createTask file="/home/k8s-master/zy-test/scheduler-exp/main.go:60"
time="2024-03-24 15:40:52" level=debug msg="taskName: task-18-5, gpumem: 5" func=main.createTask file="/home/k8s-master/zy-test/scheduler-exp/main.go:41"
time="2024-03-24 15:40:52" level=info msg="Create task task-18-5with gpu 5" func=scheduler-exp/service.CreateTask file="/home/k8s-master/zy-test/scheduler-exp/service/Task.go:40"
time="2024-03-24 15:40:52" level=debug msg="ubuntu-01 has gpus: 8/8 8/8 0/0 0/0" func=scheduler-exp/service.CheckResource file="/home/k8s-master/zy-test/scheduler-exp/service/resourceMonitor.go:87"
time="2024-03-24 15:40:52" level=debug msg="ubuntu-02 has gpus: 8/8 6/8 0/0 0/0" func=scheduler-exp/service.CheckResource file="/home/k8s-master/zy-test/scheduler-exp/service/resourceMonitor.go:87"
time="2024-03-24 15:40:52" level=debug msg="ubuntu-2080ti has gpus: 8/10 10/10 0/0 0/0" func=scheduler-exp/service.CheckResource file="/home/k8s-master/zy-test/scheduler-exp/service/resourceMonitor.go:87"
time="2024-03-24 15:40:52" level=error msg="Insufficient resources" func=scheduler-exp/service.CreateTask file="/home/k8s-master/zy-test/scheduler-exp/service/Task.go:42"
time="2024-03-24 15:40:52" level=error msg="Failed to get deployment \"exp-task-18-5\": deployments.apps \"exp-task-18-5\" not found" func=scheduler-exp/k8s.GetDeployment file="/home/k8s-master/zy-test/scheduler-exp/k8s/deployment.go:113"
time="2024-03-24 15:40:57" level=debug msg="taskName: task-19-3, gpumem: 3" func=main.createTask file="/home/k8s-master/zy-test/scheduler-exp/main.go:41"
time="2024-03-24 15:40:57" level=info msg="Create task task-19-3with gpu 3" func=scheduler-exp/service.CreateTask file="/home/k8s-master/zy-test/scheduler-exp/service/Task.go:40"
time="2024-03-24 15:40:57" level=debug msg="ubuntu-01 has gpus: 8/8 8/8 0/0 0/0" func=scheduler-exp/service.CheckResource file="/home/k8s-master/zy-test/scheduler-exp/service/resourceMonitor.go:87"
time="2024-03-24 15:40:57" level=debug msg="ubuntu-02 has gpus: 8/8 6/8 0/0 0/0" func=scheduler-exp/service.CheckResource file="/home/k8s-master/zy-test/scheduler-exp/service/resourceMonitor.go:87"
time="2024-03-24 15:40:57" level=debug msg="ubuntu-2080ti has gpus: 8/10 10/10 0/0 0/0" func=scheduler-exp/service.CheckResource file="/home/k8s-master/zy-test/scheduler-exp/service/resourceMonitor.go:87"
time="2024-03-24 15:40:57" level=error msg="Insufficient resources" func=scheduler-exp/service.CreateTask file="/home/k8s-master/zy-test/scheduler-exp/service/Task.go:42"
time="2024-03-24 15:40:57" level=error msg="Failed to get deployment \"exp-task-19-3\": deployments.apps \"exp-task-19-3\" not found" func=scheduler-exp/k8s.GetDeployment file="/home/k8s-master/zy-test/scheduler-exp/k8s/deployment.go:113"
time="2024-03-24 15:41:00" level=debug msg="Deleted deployment \"exp-task-0-3\"." func=scheduler-exp/k8s.DeleteDeployment file="/home/k8s-master/zy-test/scheduler-exp/k8s/deployment.go:129"
time="2024-03-24 15:41:00" level=error msg="Failed to get deployment \"exp-task-0-3\": deployments.apps \"exp-task-0-3\" not found" func=scheduler-exp/k8s.GetDeployment file="/home/k8s-master/zy-test/scheduler-exp/k8s/deployment.go:113"
time="2024-03-24 15:41:00" level=info msg="Task task-0-3 exists" func=main.deleteTask file="/home/k8s-master/zy-test/scheduler-exp/main.go:84"
time="2024-03-24 15:41:03" level=debug msg="Deleted deployment \"exp-task-1-4\"." func=scheduler-exp/k8s.DeleteDeployment file="/home/k8s-master/zy-test/scheduler-exp/k8s/deployment.go:129"
time="2024-03-24 15:41:03" level=error msg="Failed to get deployment \"exp-task-1-4\": deployments.apps \"exp-task-1-4\" not found" func=scheduler-exp/k8s.GetDeployment file="/home/k8s-master/zy-test/scheduler-exp/k8s/deployment.go:113"
time="2024-03-24 15:41:03" level=info msg="Task task-1-4 exists" func=main.deleteTask file="/home/k8s-master/zy-test/scheduler-exp/main.go:84"
time="2024-03-24 15:41:06" level=debug msg="Deleted deployment \"exp-task-2-6\"." func=scheduler-exp/k8s.DeleteDeployment file="/home/k8s-master/zy-test/scheduler-exp/k8s/deployment.go:129"
time="2024-03-24 15:41:06" level=error msg="Failed to get deployment \"exp-task-2-6\": deployments.apps \"exp-task-2-6\" not found" func=scheduler-exp/k8s.GetDeployment file="/home/k8s-master/zy-test/scheduler-exp/k8s/deployment.go:113"
time="2024-03-24 15:41:06" level=info msg="Task task-2-6 exists" func=main.deleteTask file="/home/k8s-master/zy-test/scheduler-exp/main.go:84"
time="2024-03-24 15:41:09" level=debug msg="Deleted deployment \"exp-task-3-4\"." func=scheduler-exp/k8s.DeleteDeployment file="/home/k8s-master/zy-test/scheduler-exp/k8s/deployment.go:129"
time="2024-03-24 15:41:09" level=error msg="Failed to get deployment \"exp-task-3-4\": deployments.apps \"exp-task-3-4\" not found" func=scheduler-exp/k8s.GetDeployment file="/home/k8s-master/zy-test/scheduler-exp/k8s/deployment.go:113"
time="2024-03-24 15:41:09" level=info msg="Task task-3-4 exists" func=main.deleteTask file="/home/k8s-master/zy-test/scheduler-exp/main.go:84"
time="2024-03-24 15:41:12" level=debug msg="Deleted deployment \"exp-task-4-4\"." func=scheduler-exp/k8s.DeleteDeployment file="/home/k8s-master/zy-test/scheduler-exp/k8s/deployment.go:129"
time="2024-03-24 15:41:12" level=error msg="Failed to get deployment \"exp-task-4-4\": deployments.apps \"exp-task-4-4\" not found" func=scheduler-exp/k8s.GetDeployment file="/home/k8s-master/zy-test/scheduler-exp/k8s/deployment.go:113"
time="2024-03-24 15:41:12" level=info msg="Task task-4-4 exists" func=main.deleteTask file="/home/k8s-master/zy-test/scheduler-exp/main.go:84"
time="2024-03-24 15:41:15" level=debug msg="Deleted deployment \"exp-task-5-2\"." func=scheduler-exp/k8s.DeleteDeployment file="/home/k8s-master/zy-test/scheduler-exp/k8s/deployment.go:129"
time="2024-03-24 15:41:15" level=error msg="Failed to get deployment \"exp-task-5-2\": deployments.apps \"exp-task-5-2\" not found" func=scheduler-exp/k8s.GetDeployment file="/home/k8s-master/zy-test/scheduler-exp/k8s/deployment.go:113"
time="2024-03-24 15:41:15" level=info msg="Task task-5-2 exists" func=main.deleteTask file="/home/k8s-master/zy-test/scheduler-exp/main.go:84"
time="2024-03-24 15:41:18" level=debug msg="Deleted deployment \"exp-task-6-3\"." func=scheduler-exp/k8s.DeleteDeployment file="/home/k8s-master/zy-test/scheduler-exp/k8s/deployment.go:129"
time="2024-03-24 15:41:18" level=error msg="Failed to get deployment \"exp-task-6-3\": deployments.apps \"exp-task-6-3\" not found" func=scheduler-exp/k8s.GetDeployment file="/home/k8s-master/zy-test/scheduler-exp/k8s/deployment.go:113"
time="2024-03-24 15:41:18" level=info msg="Task task-6-3 exists" func=main.deleteTask file="/home/k8s-master/zy-test/scheduler-exp/main.go:84"
time="2024-03-24 15:41:21" level=debug msg="Deleted deployment \"exp-task-7-6\"." func=scheduler-exp/k8s.DeleteDeployment file="/home/k8s-master/zy-test/scheduler-exp/k8s/deployment.go:129"
time="2024-03-24 15:41:21" level=error msg="Failed to get deployment \"exp-task-7-6\": deployments.apps \"exp-task-7-6\" not found" func=scheduler-exp/k8s.GetDeployment file="/home/k8s-master/zy-test/scheduler-exp/k8s/deployment.go:113"
time="2024-03-24 15:41:21" level=info msg="Task task-7-6 exists" func=main.deleteTask file="/home/k8s-master/zy-test/scheduler-exp/main.go:84"
time="2024-03-24 15:41:24" level=debug msg="Deleted deployment \"exp-task-8-6\"." func=scheduler-exp/k8s.DeleteDeployment file="/home/k8s-master/zy-test/scheduler-exp/k8s/deployment.go:129"
time="2024-03-24 15:41:24" level=error msg="Failed to get deployment \"exp-task-8-6\": deployments.apps \"exp-task-8-6\" not found" func=scheduler-exp/k8s.GetDeployment file="/home/k8s-master/zy-test/scheduler-exp/k8s/deployment.go:113"
time="2024-03-24 15:41:24" level=info msg="Task task-8-6 exists" func=main.deleteTask file="/home/k8s-master/zy-test/scheduler-exp/main.go:84"
time="2024-03-24 15:41:27" level=debug msg="Deleted deployment \"exp-task-9-3\"." func=scheduler-exp/k8s.DeleteDeployment file="/home/k8s-master/zy-test/scheduler-exp/k8s/deployment.go:129"
time="2024-03-24 15:41:27" level=error msg="Failed to get deployment \"exp-task-9-3\": deployments.apps \"exp-task-9-3\" not found" func=scheduler-exp/k8s.GetDeployment file="/home/k8s-master/zy-test/scheduler-exp/k8s/deployment.go:113"
time="2024-03-24 15:41:27" level=info msg="Task task-9-3 exists" func=main.deleteTask file="/home/k8s-master/zy-test/scheduler-exp/main.go:84"
time="2024-03-24 15:41:30" level=debug msg="Deleted deployment \"exp-task-10-2\"." func=scheduler-exp/k8s.DeleteDeployment file="/home/k8s-master/zy-test/scheduler-exp/k8s/deployment.go:129"
time="2024-03-24 15:41:30" level=error msg="Failed to get deployment \"exp-task-10-2\": deployments.apps \"exp-task-10-2\" not found" func=scheduler-exp/k8s.GetDeployment file="/home/k8s-master/zy-test/scheduler-exp/k8s/deployment.go:113"
time="2024-03-24 15:41:30" level=info msg="Task task-10-2 exists" func=main.deleteTask file="/home/k8s-master/zy-test/scheduler-exp/main.go:84"
time="2024-03-24 15:41:33" level=debug msg="Deleted deployment \"exp-task-14-4\"." func=scheduler-exp/k8s.DeleteDeployment file="/home/k8s-master/zy-test/scheduler-exp/k8s/deployment.go:129"
time="2024-03-24 15:41:33" level=error msg="Failed to get deployment \"exp-task-14-4\": deployments.apps \"exp-task-14-4\" not found" func=scheduler-exp/k8s.GetDeployment file="/home/k8s-master/zy-test/scheduler-exp/k8s/deployment.go:113"
time="2024-03-24 15:41:33" level=info msg="Task task-14-4 exists" func=main.deleteTask file="/home/k8s-master/zy-test/scheduler-exp/main.go:84"
time="2024-03-24 15:41:36" level=debug msg="Deleted deployment \"exp-task-17-1\"." func=scheduler-exp/k8s.DeleteDeployment file="/home/k8s-master/zy-test/scheduler-exp/k8s/deployment.go:129"
time="2024-03-24 15:41:36" level=error msg="Failed to get deployment \"exp-task-17-1\": deployments.apps \"exp-task-17-1\" not found" func=scheduler-exp/k8s.GetDeployment file="/home/k8s-master/zy-test/scheduler-exp/k8s/deployment.go:113"
time="2024-03-24 15:41:36" level=info msg="Task task-17-1 exists" func=main.deleteTask file="/home/k8s-master/zy-test/scheduler-exp/main.go:84"
